[INFO] [2025-10-19 15:07:06,691] Training epoch 0
[INFO] [2025-10-19 15:20:42,060] Training epoch 0
[INFO] [2025-10-19 15:31:01,765] Training epoch 0
[INFO] [2025-10-19 15:47:13,871] Training epoch 0
[INFO] [2025-10-19 16:19:16,500] Training epoch 0
[INFO] [2025-10-19 18:31:37,760] Training epoch 0
[INFO] [2025-10-19 18:36:44,380] Training epoch 0
[INFO] [2025-10-23 12:13:35,770] Training epoch 0
[INFO] [2025-10-23 12:57:16,104] Training epoch 0
[INFO] [2025-10-23 13:28:25,051] Training epoch 0
[INFO] [2025-10-23 13:31:14,451] Training epoch 0
[INFO] [2025-10-23 15:04:53,532] Training epoch 0
[INFO] [2025-10-23 16:39:30,549] Training epoch 0
[INFO] [2025-10-23 16:43:25,538] Training epoch 0
[INFO] [2025-10-23 16:43:38,998] step:      0, epoch:   0, loss: 35.382759, lr: 0.001000
[INFO] [2025-10-23 16:43:39,000] bce_loss: 6.112770
[INFO] [2025-10-23 16:43:39,001] thresh_loss: 0.945049
[INFO] [2025-10-23 16:43:39,003] l1_loss: 0.387386
[INFO] [2025-10-23 16:47:30,961] Training epoch 1
[INFO] [2025-10-23 16:49:16,404] Training epoch 0
[INFO] [2025-10-23 16:49:30,151] step:      0, epoch:   0, loss: 38.448627, lr: 0.001000
[INFO] [2025-10-23 16:49:30,152] bce_loss: 6.824028
[INFO] [2025-10-23 16:49:30,154] thresh_loss: 0.927504
[INFO] [2025-10-23 16:49:30,154] l1_loss: 0.340098
[INFO] [2025-10-23 16:53:21,633] Training epoch 1
[INFO] [2025-10-23 16:57:12,530] Training epoch 2
[INFO] [2025-10-23 16:57:50,413] step:    450, epoch:   2, loss: 3.413995, lr: 0.000999
[INFO] [2025-10-23 16:57:50,414] bce_loss: 0.426178
[INFO] [2025-10-23 16:57:50,420] thresh_loss: 0.395679
[INFO] [2025-10-23 16:57:50,420] l1_loss: 0.088743
[INFO] [2025-10-23 17:01:06,001] Training epoch 3
[INFO] [2025-10-23 17:04:57,779] Training epoch 4
[INFO] [2025-10-23 17:06:10,513] step:    900, epoch:   4, loss: 3.310635, lr: 0.000997
[INFO] [2025-10-23 17:06:10,515] bce_loss: 0.417586
[INFO] [2025-10-23 17:06:10,516] thresh_loss: 0.391042
[INFO] [2025-10-23 17:06:10,516] l1_loss: 0.083166
[INFO] [2025-10-23 17:08:52,212] Training epoch 5
[INFO] [2025-10-23 17:12:47,003] Training epoch 6
[INFO] [2025-10-23 17:14:35,867] step:   1350, epoch:   6, loss: 2.566909, lr: 0.000996
[INFO] [2025-10-23 17:14:35,869] bce_loss: 0.297807
[INFO] [2025-10-23 17:14:35,870] thresh_loss: 0.255750
[INFO] [2025-10-23 17:14:35,870] l1_loss: 0.082212
[INFO] [2025-10-23 17:16:40,990] Training epoch 7
[INFO] [2025-10-23 17:20:35,410] Training epoch 8
[INFO] [2025-10-23 17:22:58,178] step:   1800, epoch:   8, loss: 3.454138, lr: 0.000994
[INFO] [2025-10-23 17:22:58,179] bce_loss: 0.443017
[INFO] [2025-10-23 17:22:58,180] thresh_loss: 0.413409
[INFO] [2025-10-23 17:22:58,180] l1_loss: 0.082564
[INFO] [2025-10-23 17:24:27,176] Training epoch 9
[INFO] [2025-10-23 17:28:20,744] Training epoch 10
[INFO] [2025-10-23 17:31:21,653] step:   2250, epoch:  10, loss: 2.623282, lr: 0.000993
[INFO] [2025-10-23 17:31:21,655] bce_loss: 0.330626
[INFO] [2025-10-23 17:31:21,655] thresh_loss: 0.283673
[INFO] [2025-10-23 17:31:21,656] l1_loss: 0.068648
[INFO] [2025-10-23 17:32:14,316] Training epoch 11
[INFO] [2025-10-23 17:36:09,943] Training epoch 12
[INFO] [2025-10-23 17:39:45,228] step:   2700, epoch:  12, loss: 2.921385, lr: 0.000991
[INFO] [2025-10-23 17:39:45,230] bce_loss: 0.369208
[INFO] [2025-10-23 17:39:45,240] thresh_loss: 0.311868
[INFO] [2025-10-23 17:39:45,241] l1_loss: 0.076348
[INFO] [2025-10-23 17:40:03,466] Training epoch 13
[INFO] [2025-10-23 17:43:56,769] Training epoch 14
[INFO] [2025-10-23 17:47:53,681] Training epoch 15
[INFO] [2025-10-23 17:48:11,869] step:   3150, epoch:  15, loss: 1.899136, lr: 0.000989
[INFO] [2025-10-23 17:48:11,871] bce_loss: 0.228827
[INFO] [2025-10-23 17:48:11,877] thresh_loss: 0.184672
[INFO] [2025-10-23 17:48:11,877] l1_loss: 0.057033
[INFO] [2025-10-23 17:51:49,123] Training epoch 16
[INFO] [2025-10-23 17:55:42,201] Training epoch 17
[INFO] [2025-10-23 17:56:35,547] step:   3600, epoch:  17, loss: 4.284464, lr: 0.000987
[INFO] [2025-10-23 17:56:35,548] bce_loss: 0.579231
[INFO] [2025-10-23 17:56:35,555] thresh_loss: 0.488517
[INFO] [2025-10-23 17:56:35,555] l1_loss: 0.089979
[INFO] [2025-10-23 17:59:35,555] Training epoch 18
[INFO] [2025-10-23 18:03:27,013] Training epoch 19
[INFO] [2025-10-23 18:04:57,175] step:   4050, epoch:  19, loss: 3.685337, lr: 0.000986
[INFO] [2025-10-23 18:04:57,177] bce_loss: 0.470898
[INFO] [2025-10-23 18:04:57,177] thresh_loss: 0.425103
[INFO] [2025-10-23 18:04:57,177] l1_loss: 0.090574
[INFO] [2025-10-23 18:07:21,691] Training epoch 20
[INFO] [2025-10-23 18:11:17,271] Training epoch 21
[INFO] [2025-10-23 18:13:22,298] step:   4500, epoch:  21, loss: 2.182566, lr: 0.000984
[INFO] [2025-10-23 18:13:22,300] bce_loss: 0.263197
[INFO] [2025-10-23 18:13:22,300] thresh_loss: 0.223031
[INFO] [2025-10-23 18:13:22,300] l1_loss: 0.064355
[INFO] [2025-10-23 18:26:00,631] Training epoch 22
[INFO] [2025-10-23 18:29:52,449] Training epoch 23
[INFO] [2025-10-23 18:32:35,466] step:   4950, epoch:  23, loss: 2.631957, lr: 0.000983
[INFO] [2025-10-23 18:32:35,467] bce_loss: 0.326858
[INFO] [2025-10-23 18:32:35,468] thresh_loss: 0.269890
[INFO] [2025-10-23 18:32:35,468] l1_loss: 0.072778
[INFO] [2025-10-23 18:33:45,955] Training epoch 24
[INFO] [2025-10-23 18:37:39,799] Training epoch 25
[INFO] [2025-10-23 18:40:58,120] step:   5400, epoch:  25, loss: 2.168515, lr: 0.000981
[INFO] [2025-10-23 18:40:58,121] bce_loss: 0.275750
[INFO] [2025-10-23 18:40:58,122] thresh_loss: 0.219593
[INFO] [2025-10-23 18:40:58,122] l1_loss: 0.057017
[INFO] [2025-10-23 18:41:35,968] Training epoch 26
[INFO] [2025-10-23 18:45:29,442] Training epoch 27
[INFO] [2025-10-23 18:49:23,108] step:   5850, epoch:  27, loss: 1.769637, lr: 0.000980
[INFO] [2025-10-23 18:49:23,110] bce_loss: 0.201619
[INFO] [2025-10-23 18:49:23,110] thresh_loss: 0.172398
[INFO] [2025-10-23 18:49:23,111] l1_loss: 0.058915
[INFO] [2025-10-23 18:49:24,148] Training epoch 28
[INFO] [2025-10-23 18:53:20,250] Training epoch 29
[INFO] [2025-10-23 18:57:13,665] Training epoch 30
[INFO] [2025-10-23 18:57:49,336] step:   6300, epoch:  30, loss: 2.383899, lr: 0.000977
[INFO] [2025-10-23 18:57:49,337] bce_loss: 0.285556
[INFO] [2025-10-23 18:57:49,339] thresh_loss: 0.236320
[INFO] [2025-10-23 18:57:49,339] l1_loss: 0.071980
[INFO] [2025-10-23 19:01:06,168] Training epoch 31
[INFO] [2025-10-23 19:04:58,268] Training epoch 32
[INFO] [2025-10-23 19:06:09,303] step:   6750, epoch:  32, loss: 1.745147, lr: 0.000976
[INFO] [2025-10-23 19:06:09,304] bce_loss: 0.206058
[INFO] [2025-10-23 19:06:09,305] thresh_loss: 0.174245
[INFO] [2025-10-23 19:06:09,305] l1_loss: 0.054061
[INFO] [2025-10-23 19:08:53,059] Training epoch 33
[INFO] [2025-10-23 19:12:47,680] Training epoch 34
[INFO] [2025-10-23 19:14:35,525] step:   7200, epoch:  34, loss: 2.395058, lr: 0.000974
[INFO] [2025-10-23 19:14:35,526] bce_loss: 0.298506
[INFO] [2025-10-23 19:14:35,526] thresh_loss: 0.224078
[INFO] [2025-10-23 19:14:35,527] l1_loss: 0.067845
[INFO] [2025-10-23 19:16:43,492] Training epoch 35
[INFO] [2025-10-23 19:20:36,547] Training epoch 36
[INFO] [2025-10-23 19:22:57,116] step:   7650, epoch:  36, loss: 2.011092, lr: 0.000973
[INFO] [2025-10-23 19:22:57,117] bce_loss: 0.234266
[INFO] [2025-10-23 19:22:57,118] thresh_loss: 0.196556
[INFO] [2025-10-23 19:22:57,118] l1_loss: 0.064321
[INFO] [2025-10-23 19:24:29,189] Training epoch 37
[INFO] [2025-10-23 19:28:25,017] Training epoch 38
[INFO] [2025-10-23 19:31:22,582] step:   8100, epoch:  38, loss: 1.513937, lr: 0.000971
[INFO] [2025-10-23 19:31:22,584] bce_loss: 0.170630
[INFO] [2025-10-23 19:31:22,584] thresh_loss: 0.138798
[INFO] [2025-10-23 19:31:22,584] l1_loss: 0.052199
[INFO] [2025-10-23 19:32:16,890] Training epoch 39
[INFO] [2025-10-23 19:36:12,603] Training epoch 40
[INFO] [2025-10-24 01:37:28,695] Training epoch 0
[INFO] [2025-10-24 01:37:42,226] step:      0, epoch:   0, loss: 50.298302, lr: 0.001000
[INFO] [2025-10-24 01:37:42,227] bce_loss: 9.170996
[INFO] [2025-10-24 01:37:42,228] thresh_loss: 0.954273
[INFO] [2025-10-24 01:37:42,230] l1_loss: 0.348905
[INFO] [2025-10-24 01:41:33,915] Training epoch 1
[INFO] [2025-10-24 01:45:25,471] Training epoch 2
[INFO] [2025-10-24 01:46:01,548] step:    450, epoch:   2, loss: 3.408520, lr: 0.000999
[INFO] [2025-10-24 01:46:01,549] bce_loss: 0.430678
[INFO] [2025-10-24 01:46:01,555] thresh_loss: 0.392152
[INFO] [2025-10-24 01:46:01,555] l1_loss: 0.086298
[INFO] [2025-10-24 01:49:17,328] Training epoch 3
[INFO] [2025-10-24 01:53:11,097] Training epoch 4
[INFO] [2025-10-24 01:54:22,201] step:    900, epoch:   4, loss: 2.567757, lr: 0.000997
[INFO] [2025-10-24 01:54:22,203] bce_loss: 0.320691
[INFO] [2025-10-24 01:54:22,203] thresh_loss: 0.259349
[INFO] [2025-10-24 01:54:22,204] l1_loss: 0.070495
[INFO] [2025-10-24 01:57:04,741] Training epoch 5
[INFO] [2025-10-24 02:00:59,024] Training epoch 6
[INFO] [2025-10-24 02:02:47,947] step:   1350, epoch:   6, loss: 3.245661, lr: 0.000996
[INFO] [2025-10-24 02:02:47,948] bce_loss: 0.419569
[INFO] [2025-10-24 02:02:47,949] thresh_loss: 0.368371
[INFO] [2025-10-24 02:02:47,949] l1_loss: 0.077944
[INFO] [2025-10-24 02:04:50,044] Training epoch 7
[INFO] [2025-10-24 02:08:45,574] Training epoch 8
[INFO] [2025-10-24 02:11:08,013] step:   1800, epoch:   8, loss: 2.153294, lr: 0.000994
[INFO] [2025-10-24 02:11:08,015] bce_loss: 0.246807
[INFO] [2025-10-24 02:11:08,015] thresh_loss: 0.198415
[INFO] [2025-10-24 02:11:08,016] l1_loss: 0.072084
[INFO] [2025-10-24 02:12:37,438] Training epoch 9
[INFO] [2025-10-24 02:16:28,837] Training epoch 10
[INFO] [2025-10-24 02:19:29,162] step:   2250, epoch:  10, loss: 3.014909, lr: 0.000993
[INFO] [2025-10-24 02:19:29,163] bce_loss: 0.373815
[INFO] [2025-10-24 02:19:29,164] thresh_loss: 0.318274
[INFO] [2025-10-24 02:19:29,164] l1_loss: 0.082756
[INFO] [2025-10-24 02:20:22,447] Training epoch 11
[INFO] [2025-10-24 02:24:15,953] Training epoch 12
[INFO] [2025-10-24 02:27:51,315] step:   2700, epoch:  12, loss: 2.400188, lr: 0.000991
[INFO] [2025-10-24 02:27:51,316] bce_loss: 0.299032
[INFO] [2025-10-24 02:27:51,317] thresh_loss: 0.268387
[INFO] [2025-10-24 02:27:51,317] l1_loss: 0.063664
[INFO] [2025-10-24 02:28:09,639] Training epoch 13
[INFO] [2025-10-24 02:32:02,716] Training epoch 14
[INFO] [2025-10-24 02:35:56,308] Training epoch 15
[INFO] [2025-10-24 02:36:13,416] step:   3150, epoch:  15, loss: 2.670575, lr: 0.000989
[INFO] [2025-10-24 02:36:13,417] bce_loss: 0.324995
[INFO] [2025-10-24 02:36:13,423] thresh_loss: 0.281546
[INFO] [2025-10-24 02:36:13,424] l1_loss: 0.076405
[INFO] [2025-10-24 02:39:48,908] Training epoch 16
[INFO] [2025-10-24 02:43:41,870] Training epoch 17
[INFO] [2025-10-24 02:44:35,458] step:   3600, epoch:  17, loss: 1.899369, lr: 0.000987
[INFO] [2025-10-24 02:44:35,459] bce_loss: 0.218456
[INFO] [2025-10-24 02:44:35,466] thresh_loss: 0.173743
[INFO] [2025-10-24 02:44:35,466] l1_loss: 0.063335
[INFO] [2025-10-24 02:47:33,652] Training epoch 18
[INFO] [2025-10-24 02:51:26,432] Training epoch 19
[INFO] [2025-10-24 02:52:56,639] step:   4050, epoch:  19, loss: 2.156582, lr: 0.000986
[INFO] [2025-10-24 02:52:56,640] bce_loss: 0.257446
[INFO] [2025-10-24 02:52:56,641] thresh_loss: 0.223238
[INFO] [2025-10-24 02:52:56,641] l1_loss: 0.064612
[INFO] [2025-10-24 02:55:20,388] Training epoch 20
[INFO] [2025-10-24 02:59:11,326] Training epoch 21
[INFO] [2025-10-24 03:01:14,040] step:   4500, epoch:  21, loss: 1.889845, lr: 0.000984
[INFO] [2025-10-24 03:01:14,042] bce_loss: 0.220075
[INFO] [2025-10-24 03:01:14,042] thresh_loss: 0.179039
[INFO] [2025-10-24 03:01:14,043] l1_loss: 0.061043
[INFO] [2025-10-24 03:03:02,799] Training epoch 22
[INFO] [2025-10-24 03:06:55,510] Training epoch 23
[INFO] [2025-10-24 03:09:33,960] step:   4950, epoch:  23, loss: 2.096938, lr: 0.000983
[INFO] [2025-10-24 03:09:33,962] bce_loss: 0.245228
[INFO] [2025-10-24 03:09:33,963] thresh_loss: 0.205622
[INFO] [2025-10-24 03:09:33,963] l1_loss: 0.066518
[INFO] [2025-10-24 03:10:48,390] Training epoch 24
[INFO] [2025-10-24 03:14:40,699] Training epoch 25
[INFO] [2025-10-24 03:17:55,604] step:   5400, epoch:  25, loss: 2.207874, lr: 0.000981
[INFO] [2025-10-24 03:17:55,606] bce_loss: 0.270526
[INFO] [2025-10-24 03:17:55,606] thresh_loss: 0.222655
[INFO] [2025-10-24 03:17:55,606] l1_loss: 0.063259
[INFO] [2025-10-24 03:18:32,215] Training epoch 26
[INFO] [2025-10-24 03:22:25,101] Training epoch 27
[INFO] [2025-10-24 03:26:17,720] step:   5850, epoch:  27, loss: 2.232446, lr: 0.000980
[INFO] [2025-10-24 03:26:17,722] bce_loss: 0.276011
[INFO] [2025-10-24 03:26:17,722] thresh_loss: 0.231634
[INFO] [2025-10-24 03:26:17,723] l1_loss: 0.062076
[INFO] [2025-10-24 03:26:18,757] Training epoch 28
[INFO] [2025-10-24 03:30:13,068] Training epoch 29
[INFO] [2025-10-24 03:34:07,652] Training epoch 30
[INFO] [2025-10-24 03:34:42,912] step:   6300, epoch:  30, loss: 1.810168, lr: 0.000977
[INFO] [2025-10-24 03:34:42,913] bce_loss: 0.214529
[INFO] [2025-10-24 03:34:42,919] thresh_loss: 0.163881
[INFO] [2025-10-24 03:34:42,920] l1_loss: 0.057364
[INFO] [2025-10-24 03:38:00,529] Training epoch 31
[INFO] [2025-10-24 03:41:52,761] Training epoch 32
[INFO] [2025-10-24 03:43:03,222] step:   6750, epoch:  32, loss: 2.038092, lr: 0.000976
[INFO] [2025-10-24 03:43:03,223] bce_loss: 0.240037
[INFO] [2025-10-24 03:43:03,224] thresh_loss: 0.196312
[INFO] [2025-10-24 03:43:03,224] l1_loss: 0.064160
[INFO] [2025-10-24 03:45:45,617] Training epoch 33
[INFO] [2025-10-24 03:49:40,014] Training epoch 34
[INFO] [2025-10-24 03:51:26,866] step:   7200, epoch:  34, loss: 2.976230, lr: 0.000974
[INFO] [2025-10-24 03:51:26,868] bce_loss: 0.381386
[INFO] [2025-10-24 03:51:26,868] thresh_loss: 0.313566
[INFO] [2025-10-24 03:51:26,869] l1_loss: 0.075573
[INFO] [2025-10-24 03:53:36,615] Training epoch 35
[INFO] [2025-10-24 03:57:31,079] Training epoch 36
[INFO] [2025-10-24 03:59:55,686] step:   7650, epoch:  36, loss: 1.774122, lr: 0.000973
[INFO] [2025-10-24 03:59:55,688] bce_loss: 0.213890
[INFO] [2025-10-24 03:59:55,688] thresh_loss: 0.184106
[INFO] [2025-10-24 03:59:55,689] l1_loss: 0.052057
[INFO] [2025-10-24 04:01:24,867] Training epoch 37
[INFO] [2025-10-24 04:05:15,328] Training epoch 38
[INFO] [2025-10-24 04:08:10,795] step:   8100, epoch:  38, loss: 2.534002, lr: 0.000971
[INFO] [2025-10-24 04:08:10,796] bce_loss: 0.307782
[INFO] [2025-10-24 04:08:10,796] thresh_loss: 0.256783
[INFO] [2025-10-24 04:08:10,838] l1_loss: 0.073831
[INFO] [2025-10-24 04:09:06,657] Training epoch 39
[INFO] [2025-10-24 04:12:58,073] Training epoch 40
[INFO] [2025-10-24 04:16:30,000] step:   8550, epoch:  40, loss: 1.827990, lr: 0.000970
[INFO] [2025-10-24 04:16:30,001] bce_loss: 0.222130
[INFO] [2025-10-24 04:16:30,002] thresh_loss: 0.168554
[INFO] [2025-10-24 04:16:30,003] l1_loss: 0.054879
[INFO] [2025-10-24 04:16:48,773] Training epoch 41
[INFO] [2025-10-24 04:20:38,637] Training epoch 42
[INFO] [2025-10-24 04:24:30,178] Training epoch 43
[INFO] [2025-10-24 04:24:46,165] step:   9000, epoch:  43, loss: 1.563787, lr: 0.000968
[INFO] [2025-10-24 04:24:46,166] bce_loss: 0.180733
[INFO] [2025-10-24 04:24:46,167] thresh_loss: 0.157829
[INFO] [2025-10-24 04:24:46,168] l1_loss: 0.050229
[INFO] [2025-10-24 04:28:24,901] Training epoch 44
[INFO] [2025-10-24 04:32:17,973] Training epoch 45
[INFO] [2025-10-24 04:33:08,730] step:   9450, epoch:  45, loss: 2.087630, lr: 0.000966
[INFO] [2025-10-24 04:33:08,731] bce_loss: 0.250181
[INFO] [2025-10-24 04:33:08,732] thresh_loss: 0.207848
[INFO] [2025-10-24 04:33:08,732] l1_loss: 0.062888
[INFO] [2025-10-24 04:36:08,604] Training epoch 46
[INFO] [2025-10-24 04:39:58,963] Training epoch 47
[INFO] [2025-10-24 04:41:24,081] step:   9900, epoch:  47, loss: 1.800604, lr: 0.000965
[INFO] [2025-10-24 04:41:24,082] bce_loss: 0.213783
[INFO] [2025-10-24 04:41:24,082] thresh_loss: 0.187115
[INFO] [2025-10-24 04:41:24,089] l1_loss: 0.054458
[INFO] [2025-10-24 04:43:51,189] Training epoch 48
[INFO] [2025-10-24 04:47:42,912] Training epoch 49
[INFO] [2025-10-24 04:49:44,036] step:  10350, epoch:  49, loss: 1.194674, lr: 0.000963
[INFO] [2025-10-24 04:49:44,038] bce_loss: 0.131556
[INFO] [2025-10-24 04:49:44,038] thresh_loss: 0.112803
[INFO] [2025-10-24 04:49:44,039] l1_loss: 0.042409
[INFO] [2025-10-24 04:51:36,881] Training epoch 50
[INFO] [2025-10-24 04:55:28,684] Training epoch 51
[INFO] [2025-10-24 04:58:07,359] step:  10800, epoch:  51, loss: 1.203235, lr: 0.000962
[INFO] [2025-10-24 04:58:07,361] bce_loss: 0.132088
[INFO] [2025-10-24 04:58:07,361] thresh_loss: 0.117711
[INFO] [2025-10-24 04:58:07,361] l1_loss: 0.042508
[INFO] [2025-10-24 04:59:20,844] Training epoch 52
[INFO] [2025-10-24 05:03:13,135] Training epoch 53
[INFO] [2025-10-24 05:06:27,967] step:  11250, epoch:  53, loss: 1.606571, lr: 0.000960
[INFO] [2025-10-24 05:06:27,968] bce_loss: 0.180461
[INFO] [2025-10-24 05:06:27,968] thresh_loss: 0.153150
[INFO] [2025-10-24 05:06:27,968] l1_loss: 0.055112
[INFO] [2025-10-24 05:07:07,528] Training epoch 54
[INFO] [2025-10-24 05:11:00,418] Training epoch 55
[INFO] [2025-10-24 05:14:52,057] step:  11700, epoch:  55, loss: 1.855882, lr: 0.000959
[INFO] [2025-10-24 05:14:52,058] bce_loss: 0.225605
[INFO] [2025-10-24 05:14:52,058] thresh_loss: 0.178064
[INFO] [2025-10-24 05:14:52,059] l1_loss: 0.054979
[INFO] [2025-10-24 05:14:55,351] Training epoch 56
[INFO] [2025-10-24 05:18:48,434] Training epoch 57
[INFO] [2025-10-24 05:22:43,380] Training epoch 58
[INFO] [2025-10-24 05:23:14,902] step:  12150, epoch:  58, loss: 1.611634, lr: 0.000956
[INFO] [2025-10-24 05:23:14,902] bce_loss: 0.184438
[INFO] [2025-10-24 05:23:14,903] thresh_loss: 0.157804
[INFO] [2025-10-24 05:23:14,903] l1_loss: 0.053164
[INFO] [2025-10-24 05:26:35,443] Training epoch 59
[INFO] [2025-10-24 05:30:28,113] Training epoch 60
[INFO] [2025-10-24 05:31:37,811] step:  12600, epoch:  60, loss: 1.476410, lr: 0.000955
[INFO] [2025-10-24 05:31:37,812] bce_loss: 0.161363
[INFO] [2025-10-24 05:31:37,812] thresh_loss: 0.129626
[INFO] [2025-10-24 05:31:37,812] l1_loss: 0.053997
[INFO] [2025-10-24 05:34:22,914] Training epoch 61
[INFO] [2025-10-24 05:38:15,036] Training epoch 62
[INFO] [2025-10-24 05:39:57,805] step:  13050, epoch:  62, loss: 1.303231, lr: 0.000953
[INFO] [2025-10-24 05:39:57,806] bce_loss: 0.144788
[INFO] [2025-10-24 05:39:57,806] thresh_loss: 0.118573
[INFO] [2025-10-24 05:39:57,807] l1_loss: 0.046072
[INFO] [2025-10-24 05:42:07,439] Training epoch 63
[INFO] [2025-10-24 05:45:59,188] Training epoch 64
[INFO] [2025-10-24 05:48:17,315] step:  13500, epoch:  64, loss: 1.498861, lr: 0.000952
[INFO] [2025-10-24 05:48:17,315] bce_loss: 0.177495
[INFO] [2025-10-24 05:48:17,316] thresh_loss: 0.146406
[INFO] [2025-10-24 05:48:17,316] l1_loss: 0.046498
[INFO] [2025-10-24 05:49:51,804] Training epoch 65
[INFO] [2025-10-24 05:53:43,578] Training epoch 66
[INFO] [2025-10-24 05:56:38,461] step:  13950, epoch:  66, loss: 1.616043, lr: 0.000950
[INFO] [2025-10-24 05:56:38,462] bce_loss: 0.196638
[INFO] [2025-10-24 05:56:38,462] thresh_loss: 0.149722
[INFO] [2025-10-24 05:56:38,463] l1_loss: 0.048313
[INFO] [2025-10-24 05:57:37,396] Training epoch 67
[INFO] [2025-10-24 06:01:29,900] Training epoch 68
[INFO] [2025-10-24 06:04:59,440] step:  14400, epoch:  68, loss: 1.392827, lr: 0.000949
[INFO] [2025-10-24 06:04:59,442] bce_loss: 0.154956
[INFO] [2025-10-24 06:04:59,442] thresh_loss: 0.134489
[INFO] [2025-10-24 06:04:59,442] l1_loss: 0.048356
[INFO] [2025-10-24 06:05:21,133] Training epoch 69
[INFO] [2025-10-24 06:09:14,093] Training epoch 70
[INFO] [2025-10-24 06:13:06,207] Training epoch 71
[INFO] [2025-10-24 06:13:19,584] step:  14850, epoch:  71, loss: 1.166716, lr: 0.000947
[INFO] [2025-10-24 06:13:19,585] bce_loss: 0.127458
[INFO] [2025-10-24 06:13:19,586] thresh_loss: 0.103596
[INFO] [2025-10-24 06:13:19,586] l1_loss: 0.042583
[INFO] [2025-10-24 06:16:59,467] Training epoch 72
[INFO] [2025-10-24 06:20:50,655] Training epoch 73
[INFO] [2025-10-24 06:21:39,560] step:  15300, epoch:  73, loss: 1.329649, lr: 0.000945
[INFO] [2025-10-24 06:21:39,561] bce_loss: 0.145940
[INFO] [2025-10-24 06:21:39,561] thresh_loss: 0.121146
[INFO] [2025-10-24 06:21:39,562] l1_loss: 0.047880
[INFO] [2025-10-24 06:24:42,187] Training epoch 74
[INFO] [2025-10-24 06:28:34,293] Training epoch 75
[INFO] [2025-10-24 06:29:57,590] step:  15750, epoch:  75, loss: 1.078351, lr: 0.000944
[INFO] [2025-10-24 06:29:57,591] bce_loss: 0.119781
[INFO] [2025-10-24 06:29:57,591] thresh_loss: 0.103676
[INFO] [2025-10-24 06:29:57,592] l1_loss: 0.037577
[INFO] [2025-10-24 06:32:27,319] Training epoch 76
[INFO] [2025-10-24 06:36:20,934] Training epoch 77
[INFO] [2025-10-24 06:38:20,264] step:  16200, epoch:  77, loss: 1.588172, lr: 0.000942
[INFO] [2025-10-24 06:38:20,265] bce_loss: 0.182869
[INFO] [2025-10-24 06:38:20,266] thresh_loss: 0.155737
[INFO] [2025-10-24 06:38:20,266] l1_loss: 0.051809
[INFO] [2025-10-24 06:40:11,865] Training epoch 78
[INFO] [2025-10-24 06:44:03,641] Training epoch 79
[INFO] [2025-10-24 06:46:38,593] step:  16650, epoch:  79, loss: 1.724607, lr: 0.000941
[INFO] [2025-10-24 06:46:38,594] bce_loss: 0.191381
[INFO] [2025-10-24 06:46:38,595] thresh_loss: 0.169314
[INFO] [2025-10-24 06:46:38,595] l1_loss: 0.059839
[INFO] [2025-10-24 06:47:54,680] Training epoch 80
[INFO] [2025-10-24 06:51:47,210] Training epoch 81
[INFO] [2025-10-24 06:54:57,918] step:  17100, epoch:  81, loss: 1.647959, lr: 0.000939
[INFO] [2025-10-24 06:54:57,920] bce_loss: 0.184609
[INFO] [2025-10-24 06:54:57,920] thresh_loss: 0.158244
[INFO] [2025-10-24 06:54:57,920] l1_loss: 0.056667
[INFO] [2025-10-24 06:55:38,296] Training epoch 82
[INFO] [2025-10-24 06:59:29,317] Training epoch 83
[INFO] [2025-10-24 07:03:17,421] step:  17550, epoch:  83, loss: 1.508434, lr: 0.000938
[INFO] [2025-10-24 07:03:17,423] bce_loss: 0.163144
[INFO] [2025-10-24 07:03:17,423] thresh_loss: 0.137502
[INFO] [2025-10-24 07:03:17,423] l1_loss: 0.055521
[INFO] [2025-10-24 07:03:22,359] Training epoch 84
[INFO] [2025-10-24 07:07:11,555] Training epoch 85
[INFO] [2025-10-24 07:11:02,226] Training epoch 86
[INFO] [2025-10-24 07:11:33,428] step:  18000, epoch:  86, loss: 1.407261, lr: 0.000935
[INFO] [2025-10-24 07:11:33,429] bce_loss: 0.150753
[INFO] [2025-10-24 07:11:33,429] thresh_loss: 0.130436
[INFO] [2025-10-24 07:11:33,430] l1_loss: 0.052306
[INFO] [2025-10-24 07:14:54,494] Training epoch 87
[INFO] [2025-10-24 07:18:47,253] Training epoch 88
[INFO] [2025-10-24 07:19:51,004] step:  18450, epoch:  88, loss: 1.387493, lr: 0.000934
[INFO] [2025-10-24 07:19:51,004] bce_loss: 0.149709
[INFO] [2025-10-24 07:19:51,005] thresh_loss: 0.128735
[INFO] [2025-10-24 07:19:51,005] l1_loss: 0.051022
[INFO] [2025-10-24 07:22:39,148] Training epoch 89
[INFO] [2025-10-24 07:26:34,140] Training epoch 90
[INFO] [2025-10-24 07:28:16,549] step:  18900, epoch:  90, loss: 1.400893, lr: 0.000932
[INFO] [2025-10-24 07:28:16,551] bce_loss: 0.157815
[INFO] [2025-10-24 07:28:16,551] thresh_loss: 0.125223
[INFO] [2025-10-24 07:28:16,552] l1_loss: 0.048659
[INFO] [2025-10-24 07:30:27,659] Training epoch 91
[INFO] [2025-10-24 07:34:20,653] Training epoch 92
[INFO] [2025-10-24 07:36:35,914] step:  19350, epoch:  92, loss: 1.429075, lr: 0.000931
[INFO] [2025-10-24 07:36:35,915] bce_loss: 0.158389
[INFO] [2025-10-24 07:36:35,916] thresh_loss: 0.136722
[INFO] [2025-10-24 07:36:35,916] l1_loss: 0.050041
[INFO] [2025-10-24 07:38:14,030] Training epoch 93
[INFO] [2025-10-24 07:42:07,856] Training epoch 94
[INFO] [2025-10-24 07:45:01,532] step:  19800, epoch:  94, loss: 1.466542, lr: 0.000929
[INFO] [2025-10-24 07:45:01,534] bce_loss: 0.164279
[INFO] [2025-10-24 07:45:01,534] thresh_loss: 0.138826
[INFO] [2025-10-24 07:45:01,535] l1_loss: 0.050632
[INFO] [2025-10-24 07:46:01,313] Training epoch 95
[INFO] [2025-10-24 07:49:56,572] Training epoch 96
[INFO] [2025-10-24 07:53:26,521] step:  20250, epoch:  96, loss: 1.630887, lr: 0.000928
[INFO] [2025-10-24 07:53:26,522] bce_loss: 0.178390
[INFO] [2025-10-24 07:53:26,523] thresh_loss: 0.160031
[INFO] [2025-10-24 07:53:26,523] l1_loss: 0.057891
[INFO] [2025-10-24 07:53:51,740] Training epoch 97
[INFO] [2025-10-24 07:57:45,039] Training epoch 98
[INFO] [2025-10-24 08:01:38,445] Training epoch 99
[INFO] [2025-10-24 08:01:49,838] step:  20700, epoch:  99, loss: 1.602932, lr: 0.000925
[INFO] [2025-10-24 08:01:49,839] bce_loss: 0.183123
[INFO] [2025-10-24 08:01:49,840] thresh_loss: 0.148806
[INFO] [2025-10-24 08:01:49,840] l1_loss: 0.053851
[INFO] [2025-10-24 08:05:29,746] Training epoch 100
[INFO] [2025-10-24 08:09:23,359] Training epoch 101
[INFO] [2025-10-24 08:10:09,830] step:  21150, epoch: 101, loss: 2.308464, lr: 0.000924
[INFO] [2025-10-24 08:10:09,831] bce_loss: 0.282914
[INFO] [2025-10-24 08:10:09,831] thresh_loss: 0.244915
[INFO] [2025-10-24 08:10:09,831] l1_loss: 0.064898
[INFO] [2025-10-24 08:13:17,165] Training epoch 102
[INFO] [2025-10-24 08:17:12,672] Training epoch 103
[INFO] [2025-10-24 08:18:34,664] step:  21600, epoch: 103, loss: 1.429155, lr: 0.000922
[INFO] [2025-10-24 08:18:34,666] bce_loss: 0.156501
[INFO] [2025-10-24 08:18:34,666] thresh_loss: 0.142414
[INFO] [2025-10-24 08:18:34,666] l1_loss: 0.050424
[INFO] [2025-10-24 08:21:05,434] Training epoch 104
[INFO] [2025-10-24 08:24:58,960] Training epoch 105
[INFO] [2025-10-24 08:26:55,211] step:  22050, epoch: 105, loss: 1.671516, lr: 0.000921
[INFO] [2025-10-24 08:26:55,212] bce_loss: 0.191353
[INFO] [2025-10-24 08:26:55,212] thresh_loss: 0.160867
[INFO] [2025-10-24 08:26:55,213] l1_loss: 0.055388
[INFO] [2025-10-24 08:28:52,291] Training epoch 106
[INFO] [2025-10-24 08:32:45,748] Training epoch 107
[INFO] [2025-10-24 08:35:19,090] step:  22500, epoch: 107, loss: 1.475438, lr: 0.000919
[INFO] [2025-10-24 08:35:19,091] bce_loss: 0.178831
[INFO] [2025-10-24 08:35:19,092] thresh_loss: 0.139724
[INFO] [2025-10-24 08:35:19,092] l1_loss: 0.044156
[INFO] [2025-10-24 08:36:39,801] Training epoch 108
[INFO] [2025-10-24 08:40:32,458] Training epoch 109
[INFO] [2025-10-24 08:43:43,147] step:  22950, epoch: 109, loss: 1.382406, lr: 0.000918
[INFO] [2025-10-24 08:43:43,148] bce_loss: 0.146104
[INFO] [2025-10-24 08:43:43,148] thresh_loss: 0.111968
[INFO] [2025-10-24 08:43:43,149] l1_loss: 0.053992
[INFO] [2025-10-24 08:44:26,178] Training epoch 110
[INFO] [2025-10-24 08:48:20,396] Training epoch 111
[INFO] [2025-10-24 08:52:06,215] step:  23400, epoch: 111, loss: 1.319664, lr: 0.000916
[INFO] [2025-10-24 08:52:06,216] bce_loss: 0.147370
[INFO] [2025-10-24 08:52:06,222] thresh_loss: 0.125567
[INFO] [2025-10-24 08:52:06,222] l1_loss: 0.045725
[INFO] [2025-10-24 08:52:14,563] Training epoch 112
[INFO] [2025-10-24 08:56:09,472] Training epoch 113
[INFO] [2025-10-24 09:00:04,410] Training epoch 114
[INFO] [2025-10-24 09:00:31,273] step:  23850, epoch: 114, loss: 1.507798, lr: 0.000914
[INFO] [2025-10-24 09:00:31,274] bce_loss: 0.177403
[INFO] [2025-10-24 09:00:31,275] thresh_loss: 0.153946
[INFO] [2025-10-24 09:00:31,276] l1_loss: 0.046684
[INFO] [2025-10-24 09:03:55,412] Training epoch 115
[INFO] [2025-10-24 09:07:47,022] Training epoch 116
[INFO] [2025-10-24 09:08:50,158] step:  24300, epoch: 116, loss: 1.236307, lr: 0.000913
[INFO] [2025-10-24 09:08:50,160] bce_loss: 0.142759
[INFO] [2025-10-24 09:08:50,160] thresh_loss: 0.124165
[INFO] [2025-10-24 09:08:50,160] l1_loss: 0.039835
[INFO] [2025-10-24 09:11:39,035] Training epoch 117
[INFO] [2025-10-24 09:15:32,018] Training epoch 118
[INFO] [2025-10-24 09:17:09,750] step:  24750, epoch: 118, loss: 1.289332, lr: 0.000911
[INFO] [2025-10-24 09:17:09,752] bce_loss: 0.153104
[INFO] [2025-10-24 09:17:09,752] thresh_loss: 0.140500
[INFO] [2025-10-24 09:17:09,752] l1_loss: 0.038331
[INFO] [2025-10-24 09:19:23,785] Training epoch 119
[INFO] [2025-10-24 09:23:16,525] Training epoch 120
[INFO] [2025-10-24 09:25:31,130] step:  25200, epoch: 120, loss: 1.193083, lr: 0.000910
[INFO] [2025-10-24 09:25:31,131] bce_loss: 0.129728
[INFO] [2025-10-24 09:25:31,132] thresh_loss: 0.115701
[INFO] [2025-10-24 09:25:31,132] l1_loss: 0.042874
[INFO] [2025-10-24 09:27:08,304] Training epoch 121
[INFO] [2025-10-24 09:31:03,800] Training epoch 122
[INFO] [2025-10-24 09:33:54,136] step:  25650, epoch: 122, loss: 1.401431, lr: 0.000908
[INFO] [2025-10-24 09:33:54,137] bce_loss: 0.156022
[INFO] [2025-10-24 09:33:54,138] thresh_loss: 0.135240
[INFO] [2025-10-24 09:33:54,138] l1_loss: 0.048608
[INFO] [2025-10-24 09:34:57,235] Training epoch 123
[INFO] [2025-10-24 09:38:52,344] Training epoch 124
[INFO] [2025-10-24 09:42:19,220] step:  26100, epoch: 124, loss: 1.386106, lr: 0.000907
[INFO] [2025-10-24 09:42:19,222] bce_loss: 0.154872
[INFO] [2025-10-24 09:42:19,223] thresh_loss: 0.132081
[INFO] [2025-10-24 09:42:19,223] l1_loss: 0.047967
[INFO] [2025-10-24 09:42:45,551] Training epoch 125
[INFO] [2025-10-24 09:46:38,039] Training epoch 126
[INFO] [2025-10-24 09:50:32,124] Training epoch 127
[INFO] [2025-10-24 09:50:40,767] step:  26550, epoch: 127, loss: 1.354828, lr: 0.000904
[INFO] [2025-10-24 09:50:40,768] bce_loss: 0.146664
[INFO] [2025-10-24 09:50:40,774] thresh_loss: 0.126991
[INFO] [2025-10-24 09:50:40,775] l1_loss: 0.049452
[INFO] [2025-10-24 09:54:26,816] Training epoch 128
[INFO] [2025-10-24 09:58:20,025] Training epoch 129
[INFO] [2025-10-24 09:59:03,276] step:  27000, epoch: 129, loss: 1.326629, lr: 0.000903
[INFO] [2025-10-24 09:59:03,277] bce_loss: 0.142387
[INFO] [2025-10-24 09:59:03,284] thresh_loss: 0.124452
[INFO] [2025-10-24 09:59:03,284] l1_loss: 0.049024
[INFO] [2025-10-24 10:02:12,896] Training epoch 130
[INFO] [2025-10-24 10:06:05,891] Training epoch 131
[INFO] [2025-10-24 10:07:26,326] step:  27450, epoch: 131, loss: 1.276041, lr: 0.000901
[INFO] [2025-10-24 10:07:26,327] bce_loss: 0.142397
[INFO] [2025-10-24 10:07:26,328] thresh_loss: 0.126327
[INFO] [2025-10-24 10:07:26,328] l1_loss: 0.043773
[INFO] [2025-10-24 10:09:58,985] Training epoch 132
[INFO] [2025-10-24 10:13:51,691] Training epoch 133
[INFO] [2025-10-24 10:15:47,880] step:  27900, epoch: 133, loss: 1.029832, lr: 0.000900
[INFO] [2025-10-24 10:15:47,882] bce_loss: 0.107941
[INFO] [2025-10-24 10:15:47,882] thresh_loss: 0.088583
[INFO] [2025-10-24 10:15:47,883] l1_loss: 0.040155
[INFO] [2025-10-24 10:17:44,656] Training epoch 134
[INFO] [2025-10-24 10:21:38,552] Training epoch 135
[INFO] [2025-10-24 10:24:12,357] step:  28350, epoch: 135, loss: 1.406020, lr: 0.000898
[INFO] [2025-10-24 10:24:12,359] bce_loss: 0.156994
[INFO] [2025-10-24 10:24:12,359] thresh_loss: 0.139054
[INFO] [2025-10-24 10:24:12,359] l1_loss: 0.048200
[INFO] [2025-10-24 10:25:34,150] Training epoch 136
[INFO] [2025-10-24 10:29:26,653] Training epoch 137
[INFO] [2025-10-24 10:32:32,928] step:  28800, epoch: 137, loss: 1.343481, lr: 0.000897
[INFO] [2025-10-24 10:32:32,929] bce_loss: 0.153200
[INFO] [2025-10-24 10:32:32,930] thresh_loss: 0.119459
[INFO] [2025-10-24 10:32:32,930] l1_loss: 0.045802
[INFO] [2025-10-24 10:33:17,884] Training epoch 138
[INFO] [2025-10-24 10:37:10,181] Training epoch 139
[INFO] [2025-10-24 10:40:54,716] step:  29250, epoch: 139, loss: 1.124369, lr: 0.000895
[INFO] [2025-10-24 10:40:54,718] bce_loss: 0.119270
[INFO] [2025-10-24 10:40:54,718] thresh_loss: 0.102067
[INFO] [2025-10-24 10:40:54,718] l1_loss: 0.042595
[INFO] [2025-10-24 10:41:04,080] Training epoch 140
[INFO] [2025-10-24 10:44:57,734] Training epoch 141
[INFO] [2025-10-24 10:48:52,965] Training epoch 142
[INFO] [2025-10-24 10:49:20,010] step:  29700, epoch: 142, loss: 1.279012, lr: 0.000893
[INFO] [2025-10-24 10:49:20,011] bce_loss: 0.144545
[INFO] [2025-10-24 10:49:20,022] thresh_loss: 0.117880
[INFO] [2025-10-24 10:49:20,023] l1_loss: 0.043841
[INFO] [2025-10-24 10:52:44,940] Training epoch 143
[INFO] [2025-10-24 10:56:39,248] Training epoch 144
[INFO] [2025-10-24 10:57:41,926] step:  30150, epoch: 144, loss: 0.993011, lr: 0.000891
[INFO] [2025-10-24 10:57:41,927] bce_loss: 0.108168
[INFO] [2025-10-24 10:57:41,928] thresh_loss: 0.098073
[INFO] [2025-10-24 10:57:41,928] l1_loss: 0.035410
[INFO] [2025-10-24 11:00:32,937] Training epoch 145
[INFO] [2025-10-24 11:04:23,952] Training epoch 146
[INFO] [2025-10-24 11:06:01,672] step:  30600, epoch: 146, loss: 1.480854, lr: 0.000890
[INFO] [2025-10-24 11:06:01,674] bce_loss: 0.181147
[INFO] [2025-10-24 11:06:01,674] thresh_loss: 0.154523
[INFO] [2025-10-24 11:06:01,675] l1_loss: 0.042059
[INFO] [2025-10-24 11:08:16,580] Training epoch 147
[INFO] [2025-10-24 11:12:09,512] Training epoch 148
[INFO] [2025-10-24 11:14:20,466] step:  31050, epoch: 148, loss: 0.959479, lr: 0.000888
[INFO] [2025-10-24 11:14:20,467] bce_loss: 0.101005
[INFO] [2025-10-24 11:14:20,468] thresh_loss: 0.086279
[INFO] [2025-10-24 11:14:20,468] l1_loss: 0.036818
[INFO] [2025-10-24 11:16:01,202] Training epoch 149
[INFO] [2025-10-24 11:19:54,955] Training epoch 150
[INFO] [2025-10-24 11:22:44,017] step:  31500, epoch: 150, loss: 1.348842, lr: 0.000887
[INFO] [2025-10-24 11:22:44,019] bce_loss: 0.153653
[INFO] [2025-10-24 11:22:44,020] thresh_loss: 0.132465
[INFO] [2025-10-24 11:22:44,020] l1_loss: 0.044811
[INFO] [2025-10-24 11:23:49,353] Training epoch 151
[INFO] [2025-10-24 11:27:42,565] Training epoch 152
[INFO] [2025-10-24 11:31:07,071] step:  31950, epoch: 152, loss: 1.171772, lr: 0.000885
[INFO] [2025-10-24 11:31:07,072] bce_loss: 0.122626
[INFO] [2025-10-24 11:31:07,073] thresh_loss: 0.110081
[INFO] [2025-10-24 11:31:07,073] l1_loss: 0.044856
[INFO] [2025-10-24 11:31:36,674] Training epoch 153
[INFO] [2025-10-24 11:35:30,963] Training epoch 154
[INFO] [2025-10-24 11:39:22,789] Training epoch 155
[INFO] [2025-10-24 11:39:29,934] step:  32400, epoch: 155, loss: 1.261469, lr: 0.000883
[INFO] [2025-10-24 11:39:29,935] bce_loss: 0.142171
[INFO] [2025-10-24 11:39:29,942] thresh_loss: 0.115334
[INFO] [2025-10-24 11:39:29,944] l1_loss: 0.043528
[INFO] [2025-10-24 11:43:16,159] Training epoch 156
[INFO] [2025-10-24 11:47:08,424] Training epoch 157
[INFO] [2025-10-24 11:47:51,299] step:  32850, epoch: 157, loss: 1.274711, lr: 0.000882
[INFO] [2025-10-24 11:47:51,300] bce_loss: 0.141252
[INFO] [2025-10-24 11:47:51,306] thresh_loss: 0.121228
[INFO] [2025-10-24 11:47:51,307] l1_loss: 0.044722
[INFO] [2025-10-24 11:51:03,688] Training epoch 158
[INFO] [2025-10-24 11:54:53,510] Training epoch 159
[INFO] [2025-10-24 11:56:11,135] step:  33300, epoch: 159, loss: 0.928851, lr: 0.000880
[INFO] [2025-10-24 11:56:11,137] bce_loss: 0.100463
[INFO] [2025-10-24 11:56:11,137] thresh_loss: 0.086149
[INFO] [2025-10-24 11:56:11,138] l1_loss: 0.034039
[INFO] [2025-10-24 11:58:48,328] Training epoch 160
[INFO] [2025-10-24 12:02:41,089] Training epoch 161
[INFO] [2025-10-24 12:04:36,859] step:  33750, epoch: 161, loss: 1.323566, lr: 0.000878
[INFO] [2025-10-24 12:04:36,860] bce_loss: 0.146332
[INFO] [2025-10-24 12:04:36,861] thresh_loss: 0.121548
[INFO] [2025-10-24 12:04:36,861] l1_loss: 0.047036
[INFO] [2025-10-24 12:06:34,786] Training epoch 162
[INFO] [2025-10-24 12:10:28,010] Training epoch 163
[INFO] [2025-10-24 12:12:58,471] step:  34200, epoch: 163, loss: 0.901125, lr: 0.000877
[INFO] [2025-10-24 12:12:58,472] bce_loss: 0.099955
[INFO] [2025-10-24 12:12:58,473] thresh_loss: 0.088665
[INFO] [2025-10-24 12:12:58,473] l1_loss: 0.031268
[INFO] [2025-10-24 12:14:21,119] Training epoch 164
[INFO] [2025-10-24 12:18:14,846] Training epoch 165
[INFO] [2025-10-24 12:21:21,662] step:  34650, epoch: 165, loss: 0.976951, lr: 0.000875
[INFO] [2025-10-24 12:21:21,664] bce_loss: 0.107412
[INFO] [2025-10-24 12:21:21,664] thresh_loss: 0.084662
[INFO] [2025-10-24 12:21:21,664] l1_loss: 0.035523
[INFO] [2025-10-24 12:22:11,078] Training epoch 166
[INFO] [2025-10-24 12:26:03,429] Training epoch 167
[INFO] [2025-10-24 12:29:46,981] step:  35100, epoch: 167, loss: 0.825149, lr: 0.000874
[INFO] [2025-10-24 12:29:46,982] bce_loss: 0.086162
[INFO] [2025-10-24 12:29:46,982] thresh_loss: 0.072159
[INFO] [2025-10-24 12:29:46,983] l1_loss: 0.032218
[INFO] [2025-10-24 12:29:59,939] Training epoch 168
[INFO] [2025-10-24 12:33:53,906] Training epoch 169
[INFO] [2025-10-24 12:37:50,101] Training epoch 170
[INFO] [2025-10-24 12:38:14,482] step:  35550, epoch: 170, loss: 0.927006, lr: 0.000872
[INFO] [2025-10-24 12:38:14,483] bce_loss: 0.094650
[INFO] [2025-10-24 12:38:14,483] thresh_loss: 0.083327
[INFO] [2025-10-24 12:38:14,483] l1_loss: 0.037043
[INFO] [2025-10-24 12:41:46,587] Training epoch 171
[INFO] [2025-10-24 12:45:43,916] Training epoch 172
[INFO] [2025-10-24 12:46:43,279] step:  36000, epoch: 172, loss: 1.608858, lr: 0.000870
[INFO] [2025-10-24 12:46:43,280] bce_loss: 0.188005
[INFO] [2025-10-24 12:46:43,281] thresh_loss: 0.146920
[INFO] [2025-10-24 12:46:43,281] l1_loss: 0.052191
[INFO] [2025-10-24 12:49:40,001] Training epoch 173
[INFO] [2025-10-24 12:53:34,116] Training epoch 174
[INFO] [2025-10-24 12:55:11,656] step:  36450, epoch: 174, loss: 1.061062, lr: 0.000869
[INFO] [2025-10-24 12:55:11,657] bce_loss: 0.105645
[INFO] [2025-10-24 12:55:11,657] thresh_loss: 0.086058
[INFO] [2025-10-24 12:55:11,658] l1_loss: 0.044678
[INFO] [2025-10-24 12:57:32,315] Training epoch 175
[INFO] [2025-10-24 13:01:26,778] Training epoch 176
[INFO] [2025-10-24 13:03:36,511] step:  36900, epoch: 176, loss: 1.351546, lr: 0.000867
[INFO] [2025-10-24 13:03:36,512] bce_loss: 0.152518
[INFO] [2025-10-24 13:03:36,513] thresh_loss: 0.127681
[INFO] [2025-10-24 13:03:36,513] l1_loss: 0.046128
[INFO] [2025-10-24 13:05:19,910] Training epoch 177
[INFO] [2025-10-24 13:09:12,636] Training epoch 178
[INFO] [2025-10-24 13:11:57,482] step:  37350, epoch: 178, loss: 0.794106, lr: 0.000866
[INFO] [2025-10-24 13:11:57,483] bce_loss: 0.083697
[INFO] [2025-10-24 13:11:57,483] thresh_loss: 0.075215
[INFO] [2025-10-24 13:11:57,484] l1_loss: 0.030041
[INFO] [2025-10-24 13:13:05,124] Training epoch 179
[INFO] [2025-10-24 13:16:56,306] Training epoch 180
[INFO] [2025-10-24 13:20:17,553] step:  37800, epoch: 180, loss: 1.747198, lr: 0.000864
[INFO] [2025-10-24 13:20:17,554] bce_loss: 0.210093
[INFO] [2025-10-24 13:20:17,555] thresh_loss: 0.153221
[INFO] [2025-10-24 13:20:17,555] l1_loss: 0.054351
[INFO] [2025-10-24 13:20:48,037] Training epoch 181
[INFO] [2025-10-24 13:24:39,644] Training epoch 182
[INFO] [2025-10-24 13:28:31,853] Training epoch 183
[INFO] [2025-10-24 13:28:36,370] step:  38250, epoch: 183, loss: 1.735926, lr: 0.000862
[INFO] [2025-10-24 13:28:36,371] bce_loss: 0.214483
[INFO] [2025-10-24 13:28:36,372] thresh_loss: 0.162934
[INFO] [2025-10-24 13:28:36,372] l1_loss: 0.050058
[INFO] [2025-10-24 13:32:25,957] Training epoch 184
[INFO] [2025-10-24 13:36:17,632] Training epoch 185
[INFO] [2025-10-24 13:36:57,997] step:  38700, epoch: 185, loss: 0.990796, lr: 0.000860
[INFO] [2025-10-24 13:36:57,998] bce_loss: 0.105277
[INFO] [2025-10-24 13:36:57,999] thresh_loss: 0.092455
[INFO] [2025-10-24 13:36:57,999] l1_loss: 0.037195
[INFO] [2025-10-24 13:40:09,978] Training epoch 186
[INFO] [2025-10-24 13:44:04,391] Training epoch 187
[INFO] [2025-10-24 13:45:19,924] step:  39150, epoch: 187, loss: 1.244888, lr: 0.000859
[INFO] [2025-10-24 13:45:19,926] bce_loss: 0.141818
[INFO] [2025-10-24 13:45:19,926] thresh_loss: 0.121601
[INFO] [2025-10-24 13:45:19,927] l1_loss: 0.041420
[INFO] [2025-10-24 13:47:56,164] Training epoch 188
[INFO] [2025-10-24 13:51:47,623] Training epoch 189
[INFO] [2025-10-24 13:53:39,167] step:  39600, epoch: 189, loss: 1.029147, lr: 0.000857
[INFO] [2025-10-24 13:53:39,168] bce_loss: 0.107372
[INFO] [2025-10-24 13:53:39,169] thresh_loss: 0.096121
[INFO] [2025-10-24 13:53:39,169] l1_loss: 0.039617
[INFO] [2025-10-24 13:55:40,800] Training epoch 190
[INFO] [2025-10-24 13:59:33,401] Training epoch 191
[INFO] [2025-10-24 14:02:01,651] step:  40050, epoch: 191, loss: 0.953039, lr: 0.000856
[INFO] [2025-10-24 14:02:01,653] bce_loss: 0.098460
[INFO] [2025-10-24 14:02:01,653] thresh_loss: 0.087012
[INFO] [2025-10-24 14:02:01,654] l1_loss: 0.037372
[INFO] [2025-10-24 14:03:26,574] Training epoch 192
[INFO] [2025-10-24 14:07:18,195] Training epoch 193
[INFO] [2025-10-24 14:10:21,092] step:  40500, epoch: 193, loss: 0.916030, lr: 0.000854
[INFO] [2025-10-24 14:10:21,093] bce_loss: 0.096884
[INFO] [2025-10-24 14:10:21,094] thresh_loss: 0.087291
[INFO] [2025-10-24 14:10:21,094] l1_loss: 0.034432
[INFO] [2025-10-24 14:11:10,675] Training epoch 194
[INFO] [2025-10-24 14:15:05,725] Training epoch 195
[INFO] [2025-10-24 14:18:44,707] step:  40950, epoch: 195, loss: 0.969550, lr: 0.000853
[INFO] [2025-10-24 14:18:44,709] bce_loss: 0.105505
[INFO] [2025-10-24 14:18:44,709] thresh_loss: 0.102921
[INFO] [2025-10-24 14:18:44,710] l1_loss: 0.033910
[INFO] [2025-10-24 14:18:59,074] Training epoch 196
[INFO] [2025-10-24 14:22:53,472] Training epoch 197
[INFO] [2025-10-24 14:26:46,261] Training epoch 198
[INFO] [2025-10-24 14:27:08,730] step:  41400, epoch: 198, loss: 1.576607, lr: 0.000850
[INFO] [2025-10-24 14:27:08,731] bce_loss: 0.169265
[INFO] [2025-10-24 14:27:08,732] thresh_loss: 0.148773
[INFO] [2025-10-24 14:27:08,732] l1_loss: 0.058151
[INFO] [2025-10-24 14:30:41,181] Training epoch 199
[INFO] [2025-10-24 14:34:35,749] Training epoch 200
[INFO] [2025-10-24 14:35:33,779] step:  41850, epoch: 200, loss: 0.974933, lr: 0.000849
[INFO] [2025-10-24 14:35:33,780] bce_loss: 0.106424
[INFO] [2025-10-24 14:35:33,780] thresh_loss: 0.093833
[INFO] [2025-10-24 14:35:33,781] l1_loss: 0.034898
[INFO] [2025-10-24 14:38:31,462] Training epoch 201
[INFO] [2025-10-24 14:42:25,870] Training epoch 202
[INFO] [2025-10-24 14:43:57,675] step:  42300, epoch: 202, loss: 1.042474, lr: 0.000847
[INFO] [2025-10-24 14:43:57,676] bce_loss: 0.110647
[INFO] [2025-10-24 14:43:57,676] thresh_loss: 0.085187
[INFO] [2025-10-24 14:43:57,677] l1_loss: 0.040405
[INFO] [2025-10-24 14:46:19,302] Training epoch 203
[INFO] [2025-10-24 14:50:14,032] Training epoch 204
[INFO] [2025-10-24 14:52:23,411] step:  42750, epoch: 204, loss: 1.196522, lr: 0.000846
[INFO] [2025-10-24 14:52:23,412] bce_loss: 0.141866
[INFO] [2025-10-24 14:52:23,412] thresh_loss: 0.104537
[INFO] [2025-10-24 14:52:23,413] l1_loss: 0.038265
[INFO] [2025-10-24 14:54:09,131] Training epoch 205
[INFO] [2025-10-24 14:58:02,485] Training epoch 206
[INFO] [2025-10-24 15:00:46,961] step:  43200, epoch: 206, loss: 0.740334, lr: 0.000844
[INFO] [2025-10-24 15:00:46,962] bce_loss: 0.075898
[INFO] [2025-10-24 15:00:46,962] thresh_loss: 0.071659
[INFO] [2025-10-24 15:00:46,963] l1_loss: 0.028918
[INFO] [2025-10-24 15:01:55,644] Training epoch 207
[INFO] [2025-10-24 15:05:47,474] Training epoch 208
[INFO] [2025-10-24 15:09:05,792] step:  43650, epoch: 208, loss: 0.885458, lr: 0.000843
[INFO] [2025-10-24 15:09:05,794] bce_loss: 0.095229
[INFO] [2025-10-24 15:09:05,794] thresh_loss: 0.080689
[INFO] [2025-10-24 15:09:05,794] l1_loss: 0.032862
[INFO] [2025-10-24 15:09:41,105] Training epoch 209
[INFO] [2025-10-24 15:13:34,494] Training epoch 210
[INFO] [2025-10-24 15:17:27,876] Training epoch 211
[INFO] [2025-10-24 15:17:30,144] step:  44100, epoch: 211, loss: 0.761180, lr: 0.000840
[INFO] [2025-10-24 15:17:30,145] bce_loss: 0.077445
[INFO] [2025-10-24 15:17:30,145] thresh_loss: 0.077254
[INFO] [2025-10-24 15:17:30,146] l1_loss: 0.029670
[INFO] [2025-10-24 15:21:21,270] Training epoch 212
[INFO] [2025-10-24 15:25:15,858] Training epoch 213
[INFO] [2025-10-24 15:25:53,528] step:  44550, epoch: 213, loss: 0.908088, lr: 0.000839
[INFO] [2025-10-24 15:25:53,529] bce_loss: 0.089965
[INFO] [2025-10-24 15:25:53,529] thresh_loss: 0.082032
[INFO] [2025-10-24 15:25:53,529] l1_loss: 0.037623
[INFO] [2025-10-24 15:29:07,996] Training epoch 214
[INFO] [2025-10-24 15:33:00,635] Training epoch 215
[INFO] [2025-10-24 15:34:14,710] step:  45000, epoch: 215, loss: 1.165670, lr: 0.000837
[INFO] [2025-10-24 15:34:14,712] bce_loss: 0.122271
[INFO] [2025-10-24 15:34:14,712] thresh_loss: 0.101367
[INFO] [2025-10-24 15:34:14,713] l1_loss: 0.045295
[INFO] [2025-10-24 15:36:54,727] Training epoch 216
[INFO] [2025-10-24 15:40:49,872] Training epoch 217
[INFO] [2025-10-24 15:42:40,570] step:  45450, epoch: 217, loss: 0.700388, lr: 0.000836
[INFO] [2025-10-24 15:42:40,571] bce_loss: 0.071355
[INFO] [2025-10-24 15:42:40,571] thresh_loss: 0.064423
[INFO] [2025-10-24 15:42:40,572] l1_loss: 0.027919
[INFO] [2025-10-24 15:44:43,218] Training epoch 218
[INFO] [2025-10-24 15:48:36,902] Training epoch 219
[INFO] [2025-10-24 15:51:04,500] step:  45900, epoch: 219, loss: 0.758673, lr: 0.000834
[INFO] [2025-10-24 15:51:04,502] bce_loss: 0.075987
[INFO] [2025-10-24 15:51:04,502] thresh_loss: 0.067869
[INFO] [2025-10-24 15:51:04,502] l1_loss: 0.031087
[INFO] [2025-10-24 15:52:32,419] Training epoch 220
[INFO] [2025-10-24 15:56:25,601] Training epoch 221
[INFO] [2025-10-24 15:59:27,289] step:  46350, epoch: 221, loss: 1.080076, lr: 0.000833
[INFO] [2025-10-24 15:59:27,290] bce_loss: 0.119703
[INFO] [2025-10-24 15:59:27,290] thresh_loss: 0.100843
[INFO] [2025-10-24 15:59:27,291] l1_loss: 0.038072
[INFO] [2025-10-24 16:00:19,412] Training epoch 222
[INFO] [2025-10-24 16:04:10,486] Training epoch 223
[INFO] [2025-10-24 16:07:45,674] step:  46800, epoch: 223, loss: 0.943466, lr: 0.000831
[INFO] [2025-10-24 16:07:45,676] bce_loss: 0.095995
[INFO] [2025-10-24 16:07:45,676] thresh_loss: 0.083050
[INFO] [2025-10-24 16:07:45,677] l1_loss: 0.038044
[INFO] [2025-10-24 16:08:02,178] Training epoch 224
[INFO] [2025-10-24 16:11:53,401] Training epoch 225
[INFO] [2025-10-24 16:43:34,828] Training epoch 226
[INFO] [2025-10-24 16:43:54,136] step:  47250, epoch: 226, loss: 1.056329, lr: 0.000829
[INFO] [2025-10-24 16:43:54,137] bce_loss: 0.121419
[INFO] [2025-10-24 16:43:54,138] thresh_loss: 0.098992
[INFO] [2025-10-24 16:43:54,138] l1_loss: 0.035024
[INFO] [2025-10-24 16:47:28,080] Training epoch 227
[INFO] [2025-10-24 16:51:23,117] Training epoch 228
[INFO] [2025-10-24 16:52:18,145] step:  47700, epoch: 228, loss: 1.064216, lr: 0.000827
[INFO] [2025-10-24 16:52:18,146] bce_loss: 0.115133
[INFO] [2025-10-24 16:52:18,146] thresh_loss: 0.101819
[INFO] [2025-10-24 16:52:18,147] l1_loss: 0.038673
[INFO] [2025-10-24 16:55:18,214] Training epoch 229
[INFO] [2025-10-24 16:59:13,642] Training epoch 230
[INFO] [2025-10-24 17:00:43,720] step:  48150, epoch: 230, loss: 0.891464, lr: 0.000826
[INFO] [2025-10-24 17:00:43,722] bce_loss: 0.096953
[INFO] [2025-10-24 17:00:43,722] thresh_loss: 0.081247
[INFO] [2025-10-24 17:00:43,722] l1_loss: 0.032545
[INFO] [2025-10-24 17:03:06,763] Training epoch 231
[INFO] [2025-10-24 17:06:58,080] Training epoch 232
[INFO] [2025-10-24 17:09:02,065] step:  48600, epoch: 232, loss: 0.965779, lr: 0.000824
[INFO] [2025-10-24 17:09:02,066] bce_loss: 0.091402
[INFO] [2025-10-24 17:09:02,067] thresh_loss: 0.080867
[INFO] [2025-10-24 17:09:02,067] l1_loss: 0.042790
[INFO] [2025-10-24 17:10:50,116] Training epoch 233
[INFO] [2025-10-24 17:14:41,470] Training epoch 234
[INFO] [2025-10-24 17:17:23,908] step:  49050, epoch: 234, loss: 0.892214, lr: 0.000823
[INFO] [2025-10-24 17:17:23,910] bce_loss: 0.098841
[INFO] [2025-10-24 17:17:23,910] thresh_loss: 0.084174
[INFO] [2025-10-24 17:17:23,910] l1_loss: 0.031384
[INFO] [2025-10-24 17:18:35,853] Training epoch 235
[INFO] [2025-10-24 17:22:30,343] Training epoch 236
[INFO] [2025-10-24 17:25:48,729] step:  49500, epoch: 236, loss: 0.998807, lr: 0.000821
[INFO] [2025-10-24 17:25:48,731] bce_loss: 0.110616
[INFO] [2025-10-24 17:25:48,731] thresh_loss: 0.095146
[INFO] [2025-10-24 17:25:48,731] l1_loss: 0.035058
[INFO] [2025-10-24 17:26:24,044] Training epoch 237
[INFO] [2025-10-24 17:30:16,623] Training epoch 238
[INFO] [2025-10-24 17:34:09,215] step:  49950, epoch: 238, loss: 1.108899, lr: 0.000820
[INFO] [2025-10-24 17:34:09,216] bce_loss: 0.125687
[INFO] [2025-10-24 17:34:09,217] thresh_loss: 0.108281
[INFO] [2025-10-24 17:34:09,217] l1_loss: 0.037218
[INFO] [2025-10-24 17:34:09,218] Training epoch 239
[INFO] [2025-10-24 17:38:02,683] Training epoch 240
[INFO] [2025-10-24 17:41:56,273] Training epoch 241
[INFO] [2025-10-24 17:42:31,239] step:  50400, epoch: 241, loss: 1.098990, lr: 0.000817
[INFO] [2025-10-24 17:42:31,240] bce_loss: 0.121777
[INFO] [2025-10-24 17:42:31,240] thresh_loss: 0.104989
[INFO] [2025-10-24 17:42:31,240] l1_loss: 0.038512
[INFO] [2025-10-24 17:45:47,029] Training epoch 242
[INFO] [2025-10-24 17:49:39,753] Training epoch 243
[INFO] [2025-10-24 17:50:50,992] step:  50850, epoch: 243, loss: 0.930503, lr: 0.000816
[INFO] [2025-10-24 17:50:50,994] bce_loss: 0.097158
[INFO] [2025-10-24 17:50:50,994] thresh_loss: 0.086523
[INFO] [2025-10-24 17:50:50,995] l1_loss: 0.035819
[INFO] [2025-10-24 17:53:32,280] Training epoch 244
[INFO] [2025-10-24 17:57:25,013] Training epoch 245
[INFO] [2025-10-24 17:59:13,163] step:  51300, epoch: 245, loss: 0.810805, lr: 0.000814
[INFO] [2025-10-24 17:59:13,165] bce_loss: 0.090824
[INFO] [2025-10-24 17:59:13,165] thresh_loss: 0.076732
[INFO] [2025-10-24 17:59:13,166] l1_loss: 0.027995
[INFO] [2025-10-24 18:01:19,334] Training epoch 246
[INFO] [2025-10-24 18:05:11,318] Training epoch 247
[INFO] [2025-10-24 18:07:35,357] step:  51750, epoch: 247, loss: 1.084265, lr: 0.000813
[INFO] [2025-10-24 18:07:35,359] bce_loss: 0.117277
[INFO] [2025-10-24 18:07:35,359] thresh_loss: 0.106233
[INFO] [2025-10-24 18:07:35,359] l1_loss: 0.039165
[INFO] [2025-10-24 18:09:05,169] Training epoch 248
[INFO] [2025-10-24 18:12:58,271] Training epoch 249
[INFO] [2025-10-24 18:15:57,808] step:  52200, epoch: 249, loss: 0.883115, lr: 0.000811
[INFO] [2025-10-24 18:15:57,809] bce_loss: 0.089307
[INFO] [2025-10-24 18:15:57,809] thresh_loss: 0.080319
[INFO] [2025-10-24 18:15:57,810] l1_loss: 0.035626
[INFO] [2025-10-24 18:16:50,980] Training epoch 250
[INFO] [2025-10-24 18:20:43,741] Training epoch 251
[INFO] [2025-10-24 18:24:17,063] step:  52650, epoch: 251, loss: 1.105698, lr: 0.000810
[INFO] [2025-10-24 18:24:17,065] bce_loss: 0.123891
[INFO] [2025-10-24 18:24:17,065] thresh_loss: 0.110820
[INFO] [2025-10-24 18:24:17,065] l1_loss: 0.037542
[INFO] [2025-10-24 18:24:36,708] Training epoch 252
[INFO] [2025-10-24 18:28:29,621] Training epoch 253
[INFO] [2025-10-24 18:32:24,192] Training epoch 254
[INFO] [2025-10-24 18:32:41,606] step:  53100, epoch: 254, loss: 1.011482, lr: 0.000807
[INFO] [2025-10-24 18:32:41,607] bce_loss: 0.106753
[INFO] [2025-10-24 18:32:41,607] thresh_loss: 0.093481
[INFO] [2025-10-24 18:32:41,608] l1_loss: 0.038423
[INFO] [2025-10-24 18:36:17,341] Training epoch 255
[INFO] [2025-10-24 18:40:12,853] Training epoch 256
[INFO] [2025-10-24 18:41:05,505] step:  53550, epoch: 256, loss: 0.855732, lr: 0.000806
[INFO] [2025-10-24 18:41:05,506] bce_loss: 0.093909
[INFO] [2025-10-24 18:41:05,506] thresh_loss: 0.083937
[INFO] [2025-10-24 18:41:05,506] l1_loss: 0.030225
[INFO] [2025-10-24 18:44:06,290] Training epoch 257
[INFO] [2025-10-24 18:47:59,611] Training epoch 258
[INFO] [2025-10-24 18:49:28,120] step:  54000, epoch: 258, loss: 1.154490, lr: 0.000804
[INFO] [2025-10-24 18:49:28,121] bce_loss: 0.129197
[INFO] [2025-10-24 18:49:28,122] thresh_loss: 0.116471
[INFO] [2025-10-24 18:49:28,122] l1_loss: 0.039204
[INFO] [2025-10-24 18:51:55,411] Training epoch 259
[INFO] [2025-10-24 18:55:50,531] Training epoch 260
[INFO] [2025-10-24 18:57:55,854] step:  54450, epoch: 260, loss: 0.875891, lr: 0.000803
[INFO] [2025-10-24 18:57:55,856] bce_loss: 0.093595
[INFO] [2025-10-24 18:57:55,856] thresh_loss: 0.078851
[INFO] [2025-10-24 18:57:55,856] l1_loss: 0.032907
[INFO] [2025-10-24 18:59:45,267] Training epoch 261
[INFO] [2025-10-24 19:03:38,910] Training epoch 262
[INFO] [2025-10-24 19:06:17,074] step:  54900, epoch: 262, loss: 0.889148, lr: 0.000801
[INFO] [2025-10-24 19:06:17,075] bce_loss: 0.103073
[INFO] [2025-10-24 19:06:17,076] thresh_loss: 0.093276
[INFO] [2025-10-24 19:06:17,076] l1_loss: 0.028051
[INFO] [2025-10-24 19:07:30,834] Training epoch 263
[INFO] [2025-10-24 19:11:23,665] Training epoch 264
[INFO] [2025-10-24 19:14:38,563] step:  55350, epoch: 264, loss: 0.913061, lr: 0.000800
[INFO] [2025-10-24 19:14:38,564] bce_loss: 0.094730
[INFO] [2025-10-24 19:14:38,565] thresh_loss: 0.085572
[INFO] [2025-10-24 19:14:38,565] l1_loss: 0.035384
[INFO] [2025-10-24 19:15:16,912] Training epoch 265
[INFO] [2025-10-24 19:19:08,225] Training epoch 266
[INFO] [2025-10-24 19:22:58,126] step:  55800, epoch: 266, loss: 0.836622, lr: 0.000798
[INFO] [2025-10-24 19:22:58,127] bce_loss: 0.091597
[INFO] [2025-10-24 19:22:58,128] thresh_loss: 0.080338
[INFO] [2025-10-24 19:22:58,128] l1_loss: 0.029830
[INFO] [2025-10-24 19:23:00,765] Training epoch 267
[INFO] [2025-10-24 19:26:54,942] Training epoch 268
[INFO] [2025-10-24 19:30:47,926] Training epoch 269
[INFO] [2025-10-24 19:31:20,632] step:  56250, epoch: 269, loss: 1.059247, lr: 0.000796
[INFO] [2025-10-24 19:31:20,633] bce_loss: 0.117739
[INFO] [2025-10-24 19:31:20,633] thresh_loss: 0.107259
[INFO] [2025-10-24 19:31:20,634] l1_loss: 0.036329
[INFO] [2025-10-24 19:34:41,702] Training epoch 270
[INFO] [2025-10-24 19:38:34,640] Training epoch 271
[INFO] [2025-10-24 19:39:46,196] step:  56700, epoch: 271, loss: 0.728205, lr: 0.000794
[INFO] [2025-10-24 19:39:46,198] bce_loss: 0.072907
[INFO] [2025-10-24 19:39:46,198] thresh_loss: 0.067019
[INFO] [2025-10-24 19:39:46,198] l1_loss: 0.029665
[INFO] [2025-10-24 19:42:30,193] Training epoch 272
[INFO] [2025-10-24 19:46:25,391] Training epoch 273
[INFO] [2025-10-24 19:48:11,653] step:  57150, epoch: 273, loss: 0.727859, lr: 0.000793
[INFO] [2025-10-24 19:48:11,655] bce_loss: 0.074795
[INFO] [2025-10-24 19:48:11,655] thresh_loss: 0.067926
[INFO] [2025-10-24 19:48:11,655] l1_loss: 0.028596
[INFO] [2025-10-24 19:50:19,318] Training epoch 274
[INFO] [2025-10-24 19:54:14,278] Training epoch 275
[INFO] [2025-10-24 19:56:35,250] step:  57600, epoch: 275, loss: 0.875367, lr: 0.000791
[INFO] [2025-10-24 19:56:35,252] bce_loss: 0.087534
[INFO] [2025-10-24 19:56:35,252] thresh_loss: 0.084074
[INFO] [2025-10-24 19:56:35,252] l1_loss: 0.035362
[INFO] [2025-10-24 19:58:08,484] Training epoch 276
[INFO] [2025-10-24 20:01:58,629] Training epoch 277
[INFO] [2025-10-24 20:04:54,872] step:  58050, epoch: 277, loss: 0.830353, lr: 0.000790
[INFO] [2025-10-24 20:04:54,873] bce_loss: 0.085133
[INFO] [2025-10-24 20:04:54,873] thresh_loss: 0.075269
[INFO] [2025-10-24 20:04:54,873] l1_loss: 0.032942
[INFO] [2025-10-24 20:05:51,475] Training epoch 278
[INFO] [2025-10-24 20:09:45,099] Training epoch 279
[INFO] [2025-10-24 20:13:19,234] step:  58500, epoch: 279, loss: 1.136925, lr: 0.000788
[INFO] [2025-10-24 20:13:19,235] bce_loss: 0.132854
[INFO] [2025-10-24 20:13:19,235] thresh_loss: 0.109402
[INFO] [2025-10-24 20:13:19,235] l1_loss: 0.036325
[INFO] [2025-10-24 20:13:39,041] Training epoch 280
[INFO] [2025-10-24 20:17:31,065] Training epoch 281
[INFO] [2025-10-24 20:21:24,206] Training epoch 282
[INFO] [2025-10-24 20:21:39,092] step:  58950, epoch: 282, loss: 0.898680, lr: 0.000786
[INFO] [2025-10-24 20:21:39,093] bce_loss: 0.097498
[INFO] [2025-10-24 20:21:39,094] thresh_loss: 0.079574
[INFO] [2025-10-24 20:21:39,094] l1_loss: 0.033162
[INFO] [2025-10-24 20:25:17,366] Training epoch 283
[INFO] [2025-10-24 20:29:11,285] Training epoch 284
[INFO] [2025-10-24 20:30:01,146] step:  59400, epoch: 284, loss: 0.555170, lr: 0.000784
[INFO] [2025-10-24 20:30:01,147] bce_loss: 0.056359
[INFO] [2025-10-24 20:30:01,148] thresh_loss: 0.049582
[INFO] [2025-10-24 20:30:01,148] l1_loss: 0.022380
[INFO] [2025-10-24 20:33:06,530] Training epoch 285
[INFO] [2025-10-24 20:36:59,679] Training epoch 286
[INFO] [2025-10-24 20:38:24,255] step:  59850, epoch: 286, loss: 0.756644, lr: 0.000783
[INFO] [2025-10-24 20:38:24,256] bce_loss: 0.077060
[INFO] [2025-10-24 20:38:24,257] thresh_loss: 0.071890
[INFO] [2025-10-24 20:38:24,257] l1_loss: 0.029946
[INFO] [2025-10-24 20:40:51,418] Training epoch 287
[INFO] [2025-10-24 20:44:46,299] Training epoch 288
[INFO] [2025-10-24 20:46:49,888] step:  60300, epoch: 288, loss: 0.867606, lr: 0.000781
[INFO] [2025-10-24 20:46:49,890] bce_loss: 0.090896
[INFO] [2025-10-24 20:46:49,890] thresh_loss: 0.085541
[INFO] [2025-10-24 20:46:49,891] l1_loss: 0.032758
[INFO] [2025-10-24 20:48:41,119] Training epoch 289
[INFO] [2025-10-24 20:52:35,640] Training epoch 290
[INFO] [2025-10-24 20:55:12,228] step:  60750, epoch: 290, loss: 0.795932, lr: 0.000780
[INFO] [2025-10-24 20:55:12,230] bce_loss: 0.089233
[INFO] [2025-10-24 20:55:12,230] thresh_loss: 0.084844
[INFO] [2025-10-24 20:55:12,231] l1_loss: 0.026492
[INFO] [2025-10-24 20:56:28,281] Training epoch 291
[INFO] [2025-10-24 21:00:22,949] Training epoch 292
[INFO] [2025-10-24 21:03:32,252] step:  61200, epoch: 292, loss: 1.024034, lr: 0.000778
[INFO] [2025-10-24 21:03:32,253] bce_loss: 0.110716
[INFO] [2025-10-24 21:03:32,254] thresh_loss: 0.095234
[INFO] [2025-10-24 21:03:32,254] l1_loss: 0.037522
[INFO] [2025-10-24 21:04:14,147] Training epoch 293
[INFO] [2025-10-24 21:08:06,942] Training epoch 294
[INFO] [2025-10-24 21:11:57,780] step:  61650, epoch: 294, loss: 0.732552, lr: 0.000777
[INFO] [2025-10-24 21:11:57,782] bce_loss: 0.079958
[INFO] [2025-10-24 21:11:57,782] thresh_loss: 0.068177
[INFO] [2025-10-24 21:11:57,783] l1_loss: 0.026459
[INFO] [2025-10-24 21:12:02,417] Training epoch 295
[INFO] [2025-10-24 21:15:55,915] Training epoch 296
[INFO] [2025-10-24 21:19:50,609] Training epoch 297
[INFO] [2025-10-24 21:20:22,033] step:  62100, epoch: 297, loss: 1.044266, lr: 0.000774
[INFO] [2025-10-24 21:20:22,034] bce_loss: 0.110620
[INFO] [2025-10-24 21:20:22,035] thresh_loss: 0.098366
[INFO] [2025-10-24 21:20:22,035] l1_loss: 0.039280
[INFO] [2025-10-24 21:23:45,383] Training epoch 298
[INFO] [2025-10-24 21:27:35,286] Training epoch 299
[INFO] [2025-10-24 21:28:41,798] step:  62550, epoch: 299, loss: 0.641923, lr: 0.000773
[INFO] [2025-10-24 21:28:41,800] bce_loss: 0.066466
[INFO] [2025-10-24 21:28:41,800] thresh_loss: 0.066863
[INFO] [2025-10-24 21:28:41,801] l1_loss: 0.024273
[INFO] [2025-10-24 21:31:27,568] Training epoch 300
[INFO] [2025-10-24 21:35:22,153] Training epoch 301
[INFO] [2025-10-24 21:37:04,292] step:  63000, epoch: 301, loss: 0.994430, lr: 0.000771
[INFO] [2025-10-24 21:37:04,293] bce_loss: 0.100482
[INFO] [2025-10-24 21:37:04,294] thresh_loss: 0.084472
[INFO] [2025-10-24 21:37:04,294] l1_loss: 0.040755
[INFO] [2025-10-24 21:39:16,497] Training epoch 302
[INFO] [2025-10-24 21:43:07,277] Training epoch 303
[INFO] [2025-10-24 21:45:26,090] step:  63450, epoch: 303, loss: 0.984620, lr: 0.000770
[INFO] [2025-10-24 21:45:26,096] bce_loss: 0.105764
[INFO] [2025-10-24 21:45:26,096] thresh_loss: 0.101060
[INFO] [2025-10-24 21:45:26,097] l1_loss: 0.035474
[INFO] [2025-10-24 21:47:00,501] Training epoch 304
[INFO] [2025-10-24 21:50:52,718] Training epoch 305
[INFO] [2025-10-24 21:53:46,014] step:  63900, epoch: 305, loss: 1.035417, lr: 0.000768
[INFO] [2025-10-24 21:53:46,015] bce_loss: 0.116831
[INFO] [2025-10-24 21:53:46,016] thresh_loss: 0.105537
[INFO] [2025-10-24 21:53:46,016] l1_loss: 0.034572
[INFO] [2025-10-24 21:54:45,364] Training epoch 306
[INFO] [2025-10-24 21:58:35,452] Training epoch 307
[INFO] [2025-10-24 22:02:04,223] step:  64350, epoch: 307, loss: 0.697012, lr: 0.000767
[INFO] [2025-10-24 22:02:04,224] bce_loss: 0.076416
[INFO] [2025-10-24 22:02:04,224] thresh_loss: 0.070730
[INFO] [2025-10-24 22:02:04,225] l1_loss: 0.024420
[INFO] [2025-10-24 22:02:27,052] Training epoch 308
[INFO] [2025-10-24 22:06:20,834] Training epoch 309
[INFO] [2025-10-24 22:10:13,540] Training epoch 310
[INFO] [2025-10-24 22:10:26,349] step:  64800, epoch: 310, loss: 1.367976, lr: 0.000764
[INFO] [2025-10-24 22:10:26,350] bce_loss: 0.153900
[INFO] [2025-10-24 22:10:26,350] thresh_loss: 0.130834
[INFO] [2025-10-24 22:10:26,350] l1_loss: 0.046764
[INFO] [2025-10-24 22:14:07,149] Training epoch 311
[INFO] [2025-10-24 22:17:59,107] Training epoch 312
[INFO] [2025-10-24 22:18:47,857] step:  65250, epoch: 312, loss: 0.938187, lr: 0.000763
[INFO] [2025-10-24 22:18:47,858] bce_loss: 0.096401
[INFO] [2025-10-24 22:18:47,859] thresh_loss: 0.084148
[INFO] [2025-10-24 22:18:47,859] l1_loss: 0.037204
[INFO] [2025-10-24 22:21:53,088] Training epoch 313
[INFO] [2025-10-24 22:25:47,034] Training epoch 314
[INFO] [2025-10-24 22:27:13,241] step:  65700, epoch: 314, loss: 1.091163, lr: 0.000761
[INFO] [2025-10-24 22:27:13,242] bce_loss: 0.123937
[INFO] [2025-10-24 22:27:13,243] thresh_loss: 0.104608
[INFO] [2025-10-24 22:27:13,243] l1_loss: 0.036687
[INFO] [2025-10-24 22:29:41,616] Training epoch 315
[INFO] [2025-10-24 22:33:36,536] Training epoch 316
[INFO] [2025-10-24 22:35:33,651] step:  66150, epoch: 316, loss: 0.947698, lr: 0.000760
[INFO] [2025-10-24 22:35:33,653] bce_loss: 0.103355
[INFO] [2025-10-24 22:35:33,653] thresh_loss: 0.092285
[INFO] [2025-10-24 22:35:33,653] l1_loss: 0.033864
[INFO] [2025-10-24 22:37:28,339] Training epoch 317
[INFO] [2025-10-24 22:41:19,602] Training epoch 318
[INFO] [2025-10-24 22:43:54,646] step:  66600, epoch: 318, loss: 0.745511, lr: 0.000758
[INFO] [2025-10-24 22:43:54,648] bce_loss: 0.077515
[INFO] [2025-10-24 22:43:54,648] thresh_loss: 0.064821
[INFO] [2025-10-24 22:43:54,648] l1_loss: 0.029312
[INFO] [2025-10-24 22:45:11,186] Training epoch 319
[INFO] [2025-10-24 22:49:02,482] Training epoch 320
[INFO] [2025-10-24 22:52:13,109] step:  67050, epoch: 320, loss: 0.735875, lr: 0.000757
[INFO] [2025-10-24 22:52:13,110] bce_loss: 0.081015
[INFO] [2025-10-24 22:52:13,111] thresh_loss: 0.074302
[INFO] [2025-10-24 22:52:13,111] l1_loss: 0.025650
[INFO] [2025-10-24 22:52:55,152] Training epoch 321
[INFO] [2025-10-24 22:56:47,424] Training epoch 322
[INFO] [2025-10-24 23:00:33,845] step:  67500, epoch: 322, loss: 0.640074, lr: 0.000755
[INFO] [2025-10-24 23:00:33,847] bce_loss: 0.066369
[INFO] [2025-10-24 23:00:33,847] thresh_loss: 0.058428
[INFO] [2025-10-24 23:00:33,848] l1_loss: 0.024980
[INFO] [2025-10-24 23:00:40,005] Training epoch 323
[INFO] [2025-10-24 23:04:31,704] Training epoch 324
[INFO] [2025-10-24 23:08:24,092] Training epoch 325
[INFO] [2025-10-24 23:08:52,649] step:  67950, epoch: 325, loss: 0.843138, lr: 0.000753
[INFO] [2025-10-24 23:08:52,650] bce_loss: 0.090562
[INFO] [2025-10-24 23:08:52,650] thresh_loss: 0.072485
[INFO] [2025-10-24 23:08:52,651] l1_loss: 0.031784
[INFO] [2025-10-24 23:12:17,360] Training epoch 326
[INFO] [2025-10-24 23:16:09,321] Training epoch 327
[INFO] [2025-10-24 23:17:13,292] step:  68400, epoch: 327, loss: 4.125036, lr: 0.000751
[INFO] [2025-10-24 23:17:13,293] bce_loss: 0.645641
[INFO] [2025-10-24 23:17:13,294] thresh_loss: 0.263202
[INFO] [2025-10-24 23:17:13,294] l1_loss: 0.063363
[INFO] [2025-10-24 23:20:01,927] Training epoch 328
[INFO] [2025-10-24 23:23:55,419] Training epoch 329
[INFO] [2025-10-24 23:25:37,499] step:  68850, epoch: 329, loss: 1.005327, lr: 0.000750
[INFO] [2025-10-24 23:25:37,500] bce_loss: 0.106703
[INFO] [2025-10-24 23:25:37,500] thresh_loss: 0.098422
[INFO] [2025-10-24 23:25:37,501] l1_loss: 0.037339
[INFO] [2025-10-24 23:27:49,782] Training epoch 330
[INFO] [2025-10-24 23:31:44,473] Training epoch 331
[INFO] [2025-10-24 23:33:57,420] step:  69300, epoch: 331, loss: 1.180539, lr: 0.000748
[INFO] [2025-10-24 23:33:57,421] bce_loss: 0.132052
[INFO] [2025-10-24 23:33:57,422] thresh_loss: 0.120607
[INFO] [2025-10-24 23:33:57,422] l1_loss: 0.039967
[INFO] [2025-10-24 23:35:36,199] Training epoch 332
[INFO] [2025-10-24 23:39:30,428] Training epoch 333
[INFO] [2025-10-24 23:42:21,458] step:  69750, epoch: 333, loss: 0.604371, lr: 0.000747
[INFO] [2025-10-24 23:42:21,460] bce_loss: 0.064881
[INFO] [2025-10-24 23:42:21,460] thresh_loss: 0.057898
[INFO] [2025-10-24 23:42:21,461] l1_loss: 0.022207
[INFO] [2025-10-24 23:43:22,418] Training epoch 334
[INFO] [2025-10-24 23:47:14,979] Training epoch 335
[INFO] [2025-10-24 23:50:41,686] step:  70200, epoch: 335, loss: 0.581855, lr: 0.000745
[INFO] [2025-10-24 23:50:41,687] bce_loss: 0.057744
[INFO] [2025-10-24 23:50:41,688] thresh_loss: 0.048644
[INFO] [2025-10-24 23:50:41,688] l1_loss: 0.024449
[INFO] [2025-10-24 23:51:07,835] Training epoch 336
[INFO] [2025-10-24 23:54:58,900] Training epoch 337
[INFO] [2025-10-24 23:59:05,159] Training epoch 338
[INFO] [2025-10-24 23:59:16,330] step:  70650, epoch: 338, loss: 0.834309, lr: 0.000743
[INFO] [2025-10-24 23:59:16,331] bce_loss: 0.083724
[INFO] [2025-10-24 23:59:16,331] thresh_loss: 0.072837
[INFO] [2025-10-24 23:59:16,332] l1_loss: 0.034285
[INFO] [2025-10-25 00:06:10,470] Training epoch 339
[INFO] [2025-10-28 15:46:33,209] Resuming from workspace/SegDetectorModel-seg_detector/deformable_resnet50/L1BalanceCELoss/model/model_epoch_330_minibatch_69000
[INFO] [2025-10-28 15:46:34,086] Resumed from workspace/SegDetectorModel-seg_detector/deformable_resnet50/L1BalanceCELoss/model/model_epoch_330_minibatch_69000
[INFO] [2025-10-28 16:04:15,464] Resuming from workspace/SegDetectorModel-seg_detector/deformable_resnet50/L1BalanceCELoss/model/model_epoch_330_minibatch_69000
[INFO] [2025-10-28 16:04:15,559] Resumed from workspace/SegDetectorModel-seg_detector/deformable_resnet50/L1BalanceCELoss/model/model_epoch_330_minibatch_69000
[INFO] [2025-10-28 16:39:39,031] Resuming from workspace/SegDetectorModel-seg_detector/deformable_resnet50/L1BalanceCELoss/model/model_epoch_330_minibatch_69000
[INFO] [2025-10-28 16:39:39,123] Resumed from workspace/SegDetectorModel-seg_detector/deformable_resnet50/L1BalanceCELoss/model/model_epoch_330_minibatch_69000
[INFO] [2025-10-28 17:07:21,140] Resuming from workspace/SegDetectorModel-seg_detector/deformable_resnet50/L1BalanceCELoss/model/model_epoch_330_minibatch_69000
[INFO] [2025-10-28 17:07:21,232] Resumed from workspace/SegDetectorModel-seg_detector/deformable_resnet50/L1BalanceCELoss/model/model_epoch_330_minibatch_69000
[INFO] [2025-10-28 17:07:59,344] Resuming from workspace/SegDetectorModel-seg_detector/deformable_resnet50/L1BalanceCELoss/model/model_epoch_330_minibatch_69000
[INFO] [2025-10-28 17:07:59,437] Resumed from workspace/SegDetectorModel-seg_detector/deformable_resnet50/L1BalanceCELoss/model/model_epoch_330_minibatch_69000
[INFO] [2025-10-28 17:08:43,043] Resuming from workspace/SegDetectorModel-seg_detector/deformable_resnet50/L1BalanceCELoss/model/model_epoch_330_minibatch_69000
[INFO] [2025-10-28 17:08:43,136] Resumed from workspace/SegDetectorModel-seg_detector/deformable_resnet50/L1BalanceCELoss/model/model_epoch_330_minibatch_69000
[INFO] [2025-10-30 18:03:37,189] Resuming from outputs/workspace/INANET_ieda/SegDetectorModel-seg_detector/deformable_resnet50/L1BalanceCELoss/model/model_epoch_330_minibatch_69000
[INFO] [2025-10-30 18:03:37,279] Resumed from outputs/workspace/INANET_ieda/SegDetectorModel-seg_detector/deformable_resnet50/L1BalanceCELoss/model/model_epoch_330_minibatch_69000
[INFO] [2025-10-30 18:03:45,728] Resuming from workspace/SegDetectorModel-seg_detector/deformable_resnet50/L1BalanceCELoss/model/model_epoch_330_minibatch_69000
[INFO] [2025-10-30 18:03:45,821] Resumed from workspace/SegDetectorModel-seg_detector/deformable_resnet50/L1BalanceCELoss/model/model_epoch_330_minibatch_69000
[WARNING] [2025-10-30 18:10:40,306] Checkpoint not found: path-to-model-directory/totaltext_resnet50_INA
[INFO] [2025-10-30 18:14:11,112] Resuming from workspace/SegDetectorModel-seg_detector/deformable_resnet50/L1BalanceCELoss/model/model_epoch_330_minibatch_69000
[INFO] [2025-10-30 18:14:11,203] Resumed from workspace/SegDetectorModel-seg_detector/deformable_resnet50/L1BalanceCELoss/model/model_epoch_330_minibatch_69000
[INFO] [2025-10-30 21:24:03,185] Resuming from workspace/SegDetectorModel-seg_detector/deformable_resnet50/L1BalanceCELoss/model/model_epoch_330_minibatch_69000
[INFO] [2025-10-30 21:24:03,278] Resumed from workspace/SegDetectorModel-seg_detector/deformable_resnet50/L1BalanceCELoss/model/model_epoch_330_minibatch_69000
[INFO] [2025-10-30 21:45:53,336] Resuming from workspace/SegDetectorModel-seg_detector/deformable_resnet50/L1BalanceCELoss/model/model_epoch_330_minibatch_69000
[INFO] [2025-10-30 21:45:53,431] Resumed from workspace/SegDetectorModel-seg_detector/deformable_resnet50/L1BalanceCELoss/model/model_epoch_330_minibatch_69000
[INFO] [2025-10-30 21:58:04,182] Resuming from workspace/SegDetectorModel-seg_detector/deformable_resnet50/L1BalanceCELoss/model/model_epoch_330_minibatch_69000
[INFO] [2025-10-30 21:58:04,274] Resumed from workspace/SegDetectorModel-seg_detector/deformable_resnet50/L1BalanceCELoss/model/model_epoch_330_minibatch_69000
[INFO] [2025-10-31 04:20:13,022] Resuming from workspace/SegDetectorModel-seg_detector/deformable_resnet50/L1BalanceCELoss/model/model_epoch_330_minibatch_69000
[INFO] [2025-10-31 04:20:13,116] Resumed from workspace/SegDetectorModel-seg_detector/deformable_resnet50/L1BalanceCELoss/model/model_epoch_330_minibatch_69000
[INFO] [2025-10-31 04:31:51,954] Resuming from workspace/SegDetectorModel-seg_detector/deformable_resnet50/L1BalanceCELoss/model/model_epoch_330_minibatch_69000
[INFO] [2025-10-31 04:31:52,044] Resumed from workspace/SegDetectorModel-seg_detector/deformable_resnet50/L1BalanceCELoss/model/model_epoch_330_minibatch_69000
[INFO] [2025-11-01 15:31:22,855] Resuming from workspace/SegDetectorModel-seg_detector/deformable_resnet50/L1BalanceCELoss/model/model_epoch_330_minibatch_69000
[INFO] [2025-11-01 15:31:22,950] Resumed from workspace/SegDetectorModel-seg_detector/deformable_resnet50/L1BalanceCELoss/model/model_epoch_330_minibatch_69000
[INFO] [2025-11-01 15:43:19,532] Resuming from workspace/SegDetectorModel-seg_detector/deformable_resnet50/L1BalanceCELoss/model/model_epoch_330_minibatch_69000
[INFO] [2025-11-01 15:43:19,625] Resumed from workspace/SegDetectorModel-seg_detector/deformable_resnet50/L1BalanceCELoss/model/model_epoch_330_minibatch_69000
[INFO] [2025-11-01 15:45:00,555] Resuming from workspace/SegDetectorModel-seg_detector/deformable_resnet50/L1BalanceCELoss/model/model_epoch_330_minibatch_69000
[INFO] [2025-11-01 15:45:00,647] Resumed from workspace/SegDetectorModel-seg_detector/deformable_resnet50/L1BalanceCELoss/model/model_epoch_330_minibatch_69000
[INFO] [2025-11-01 15:50:34,870] Resuming from workspace/SegDetectorModel-seg_detector/deformable_resnet50/L1BalanceCELoss/model/model_epoch_330_minibatch_69000
[INFO] [2025-11-01 15:50:34,961] Resumed from workspace/SegDetectorModel-seg_detector/deformable_resnet50/L1BalanceCELoss/model/model_epoch_330_minibatch_69000
[INFO] [2025-11-01 15:51:23,618] Resuming from workspace/SegDetectorModel-seg_detector/deformable_resnet50/L1BalanceCELoss/model/model_epoch_330_minibatch_69000
[INFO] [2025-11-01 15:51:23,711] Resumed from workspace/SegDetectorModel-seg_detector/deformable_resnet50/L1BalanceCELoss/model/model_epoch_330_minibatch_69000
[INFO] [2025-11-01 15:54:08,046] Resuming from workspace/SegDetectorModel-seg_detector/deformable_resnet50/L1BalanceCELoss/model/model_epoch_330_minibatch_69000
[INFO] [2025-11-01 15:54:08,140] Resumed from workspace/SegDetectorModel-seg_detector/deformable_resnet50/L1BalanceCELoss/model/model_epoch_330_minibatch_69000
[INFO] [2025-11-01 16:00:16,666] Resuming from workspace/SegDetectorModel-seg_detector/deformable_resnet50/L1BalanceCELoss/model/model_epoch_330_minibatch_69000
[INFO] [2025-11-01 16:00:16,756] Resumed from workspace/SegDetectorModel-seg_detector/deformable_resnet50/L1BalanceCELoss/model/model_epoch_330_minibatch_69000
[INFO] [2025-11-01 16:00:32,498] Resuming from workspace/SegDetectorModel-seg_detector/deformable_resnet50/L1BalanceCELoss/model/model_epoch_330_minibatch_69000
[INFO] [2025-11-01 16:00:32,588] Resumed from workspace/SegDetectorModel-seg_detector/deformable_resnet50/L1BalanceCELoss/model/model_epoch_330_minibatch_69000
[INFO] [2025-11-01 16:01:47,905] Resuming from workspace/SegDetectorModel-seg_detector/deformable_resnet50/L1BalanceCELoss/model/model_epoch_330_minibatch_69000
[INFO] [2025-11-01 16:01:47,996] Resumed from workspace/SegDetectorModel-seg_detector/deformable_resnet50/L1BalanceCELoss/model/model_epoch_330_minibatch_69000
[INFO] [2025-11-01 16:03:53,783] Resuming from workspace/SegDetectorModel-seg_detector/deformable_resnet50/L1BalanceCELoss/model/model_epoch_330_minibatch_69000
[INFO] [2025-11-01 16:03:53,877] Resumed from workspace/SegDetectorModel-seg_detector/deformable_resnet50/L1BalanceCELoss/model/model_epoch_330_minibatch_69000
[INFO] [2025-11-01 16:04:43,443] Resuming from workspace/SegDetectorModel-seg_detector/deformable_resnet50/L1BalanceCELoss/model/model_epoch_330_minibatch_69000
[INFO] [2025-11-01 16:04:43,535] Resumed from workspace/SegDetectorModel-seg_detector/deformable_resnet50/L1BalanceCELoss/model/model_epoch_330_minibatch_69000
[INFO] [2025-11-01 16:44:47,291] Resuming from workspace/SegDetectorModel-seg_detector/deformable_resnet50/L1BalanceCELoss/model/model_epoch_330_minibatch_69000
[INFO] [2025-11-01 16:44:47,384] Resumed from workspace/SegDetectorModel-seg_detector/deformable_resnet50/L1BalanceCELoss/model/model_epoch_330_minibatch_69000
[INFO] [2025-11-01 16:45:50,556] Resuming from workspace/SegDetectorModel-seg_detector/deformable_resnet50/L1BalanceCELoss/model/model_epoch_330_minibatch_69000
[INFO] [2025-11-01 16:45:50,651] Resumed from workspace/SegDetectorModel-seg_detector/deformable_resnet50/L1BalanceCELoss/model/model_epoch_330_minibatch_69000
[INFO] [2025-11-01 16:53:41,338] Resuming from workspace/SegDetectorModel-seg_detector/deformable_resnet50/L1BalanceCELoss/model/model_epoch_330_minibatch_69000
[INFO] [2025-11-01 16:53:41,433] Resumed from workspace/SegDetectorModel-seg_detector/deformable_resnet50/L1BalanceCELoss/model/model_epoch_330_minibatch_69000
[INFO] [2025-11-01 16:53:55,248] Resuming from workspace/SegDetectorModel-seg_detector/deformable_resnet50/L1BalanceCELoss/model/model_epoch_330_minibatch_69000
[INFO] [2025-11-01 16:53:55,338] Resumed from workspace/SegDetectorModel-seg_detector/deformable_resnet50/L1BalanceCELoss/model/model_epoch_330_minibatch_69000
[INFO] [2025-11-01 16:54:50,356] Resuming from workspace/SegDetectorModel-seg_detector/deformable_resnet50/L1BalanceCELoss/model/model_epoch_330_minibatch_69000
[INFO] [2025-11-01 16:54:50,451] Resumed from workspace/SegDetectorModel-seg_detector/deformable_resnet50/L1BalanceCELoss/model/model_epoch_330_minibatch_69000
[INFO] [2025-11-01 17:12:14,812] Resuming from workspace/SegDetectorModel-seg_detector/deformable_resnet50/L1BalanceCELoss/model/model_epoch_330_minibatch_69000
[INFO] [2025-11-01 17:12:14,905] Resumed from workspace/SegDetectorModel-seg_detector/deformable_resnet50/L1BalanceCELoss/model/model_epoch_330_minibatch_69000
[INFO] [2025-11-01 17:12:55,050] Resuming from workspace/SegDetectorModel-seg_detector/deformable_resnet50/L1BalanceCELoss/model/model_epoch_330_minibatch_69000
[INFO] [2025-11-01 17:12:55,143] Resumed from workspace/SegDetectorModel-seg_detector/deformable_resnet50/L1BalanceCELoss/model/model_epoch_330_minibatch_69000
[INFO] [2025-11-01 17:13:36,637] Resuming from workspace/SegDetectorModel-seg_detector/deformable_resnet50/L1BalanceCELoss/model/model_epoch_330_minibatch_69000
[INFO] [2025-11-01 17:13:36,727] Resumed from workspace/SegDetectorModel-seg_detector/deformable_resnet50/L1BalanceCELoss/model/model_epoch_330_minibatch_69000
[INFO] [2025-11-01 17:14:38,394] Resuming from workspace/SegDetectorModel-seg_detector/deformable_resnet50/L1BalanceCELoss/model/model_epoch_330_minibatch_69000
[INFO] [2025-11-01 17:14:38,488] Resumed from workspace/SegDetectorModel-seg_detector/deformable_resnet50/L1BalanceCELoss/model/model_epoch_330_minibatch_69000
[INFO] [2025-11-01 17:16:20,599] Resuming from workspace/SegDetectorModel-seg_detector/deformable_resnet50/L1BalanceCELoss/model/model_epoch_330_minibatch_69000
[INFO] [2025-11-01 17:16:20,691] Resumed from workspace/SegDetectorModel-seg_detector/deformable_resnet50/L1BalanceCELoss/model/model_epoch_330_minibatch_69000
[INFO] [2025-11-01 17:17:05,500] Resuming from workspace/SegDetectorModel-seg_detector/deformable_resnet50/L1BalanceCELoss/model/model_epoch_330_minibatch_69000
[INFO] [2025-11-01 17:17:05,593] Resumed from workspace/SegDetectorModel-seg_detector/deformable_resnet50/L1BalanceCELoss/model/model_epoch_330_minibatch_69000
[INFO] [2025-11-01 17:17:57,471] Resuming from workspace/SegDetectorModel-seg_detector/deformable_resnet50/L1BalanceCELoss/model/model_epoch_330_minibatch_69000
[INFO] [2025-11-01 17:17:57,565] Resumed from workspace/SegDetectorModel-seg_detector/deformable_resnet50/L1BalanceCELoss/model/model_epoch_330_minibatch_69000
[INFO] [2025-11-01 17:23:14,756] Resuming from workspace/SegDetectorModel-seg_detector/deformable_resnet50/L1BalanceCELoss/model/model_epoch_330_minibatch_69000
[INFO] [2025-11-01 17:23:14,849] Resumed from workspace/SegDetectorModel-seg_detector/deformable_resnet50/L1BalanceCELoss/model/model_epoch_330_minibatch_69000
[INFO] [2025-11-01 17:23:47,873] precision : 0.000000 (300)
[INFO] [2025-11-01 17:23:47,873] recall : 0.000000 (300)
[INFO] [2025-11-01 17:23:47,873] fmeasure : 0.000000 (1)
[INFO] [2025-11-01 18:05:10,644] Resuming from workspace/SegDetectorModel-seg_detector/deformable_resnet50/L1BalanceCELoss/model/model_epoch_330_minibatch_69000
[INFO] [2025-11-01 18:05:10,737] Resumed from workspace/SegDetectorModel-seg_detector/deformable_resnet50/L1BalanceCELoss/model/model_epoch_330_minibatch_69000
[INFO] [2025-11-01 18:05:43,868] precision : 0.000000 (300)
[INFO] [2025-11-01 18:05:43,869] recall : 0.000000 (300)
[INFO] [2025-11-01 18:05:43,869] fmeasure : 0.000000 (1)
[INFO] [2025-11-01 18:06:59,709] Resuming from workspace/SegDetectorModel-seg_detector/deformable_resnet50/L1BalanceCELoss/model/model_epoch_330_minibatch_69000
[INFO] [2025-11-01 18:06:59,803] Resumed from workspace/SegDetectorModel-seg_detector/deformable_resnet50/L1BalanceCELoss/model/model_epoch_330_minibatch_69000
[INFO] [2025-11-01 18:07:33,129] precision : 0.000000 (300)
[INFO] [2025-11-01 18:07:33,130] recall : 0.000000 (300)
[INFO] [2025-11-01 18:07:33,130] fmeasure : 0.000000 (1)
[INFO] [2025-11-01 18:07:43,653] Resuming from workspace/SegDetectorModel-seg_detector/deformable_resnet50/L1BalanceCELoss/model/model_epoch_330_minibatch_69000
[INFO] [2025-11-01 18:07:43,747] Resumed from workspace/SegDetectorModel-seg_detector/deformable_resnet50/L1BalanceCELoss/model/model_epoch_330_minibatch_69000
[INFO] [2025-11-01 18:08:17,173] precision : 0.000000 (300)
[INFO] [2025-11-01 18:08:17,173] recall : 0.000000 (300)
[INFO] [2025-11-01 18:08:17,173] fmeasure : 0.000000 (1)
[INFO] [2025-11-01 18:12:29,776] Resuming from workspace/SegDetectorModel-seg_detector/deformable_resnet50/L1BalanceCELoss/model/model_epoch_315_minibatch_66000
[INFO] [2025-11-01 18:12:29,868] Resumed from workspace/SegDetectorModel-seg_detector/deformable_resnet50/L1BalanceCELoss/model/model_epoch_315_minibatch_66000
[INFO] [2025-11-01 18:13:03,309] precision : 0.000000 (300)
[INFO] [2025-11-01 18:13:03,309] recall : 0.000000 (300)
[INFO] [2025-11-01 18:13:03,309] fmeasure : 0.000000 (1)
[INFO] [2025-11-01 18:41:12,165] Resuming from workspace/SegDetectorModel-seg_detector/deformable_resnet50/L1BalanceCELoss/model/model_epoch_315_minibatch_66000
[INFO] [2025-11-01 18:41:12,258] Resumed from workspace/SegDetectorModel-seg_detector/deformable_resnet50/L1BalanceCELoss/model/model_epoch_315_minibatch_66000
[INFO] [2025-11-01 18:41:52,012] precision : 0.000000 (300)
[INFO] [2025-11-01 18:41:52,012] recall : 0.000000 (300)
[INFO] [2025-11-01 18:41:52,012] fmeasure : 0.000000 (1)
[INFO] [2025-11-01 19:01:52,179] Resuming from workspace/SegDetectorModel-seg_detector/deformable_resnet50/L1BalanceCELoss/model/model_epoch_315_minibatch_66000
[INFO] [2025-11-01 19:01:52,270] Resumed from workspace/SegDetectorModel-seg_detector/deformable_resnet50/L1BalanceCELoss/model/model_epoch_315_minibatch_66000
[INFO] [2025-11-01 19:02:33,265] precision : 0.000000 (300)
[INFO] [2025-11-01 19:02:33,265] recall : 0.000000 (300)
[INFO] [2025-11-01 19:02:33,265] fmeasure : 0.000000 (1)
[INFO] [2025-11-01 19:05:40,119] Resuming from workspace/SegDetectorModel-seg_detector/deformable_resnet50/L1BalanceCELoss/model/model_epoch_315_minibatch_66000
[INFO] [2025-11-01 19:05:40,210] Resumed from workspace/SegDetectorModel-seg_detector/deformable_resnet50/L1BalanceCELoss/model/model_epoch_315_minibatch_66000
[INFO] [2025-11-01 19:06:21,353] precision : 0.000000 (300)
[INFO] [2025-11-01 19:06:21,353] recall : 0.000000 (300)
[INFO] [2025-11-01 19:06:21,353] fmeasure : 0.000000 (1)
[INFO] [2025-11-01 20:11:34,568] Resuming from workspace/SegDetectorModel-seg_detector/deformable_resnet50/L1BalanceCELoss/model/model_epoch_315_minibatch_66000
[INFO] [2025-11-01 20:11:34,660] Resumed from workspace/SegDetectorModel-seg_detector/deformable_resnet50/L1BalanceCELoss/model/model_epoch_315_minibatch_66000
[INFO] [2025-11-01 20:11:51,192] Resuming from workspace/SegDetectorModel-seg_detector/deformable_resnet50/L1BalanceCELoss/model/model_epoch_315_minibatch_66000
[INFO] [2025-11-01 20:11:51,285] Resumed from workspace/SegDetectorModel-seg_detector/deformable_resnet50/L1BalanceCELoss/model/model_epoch_315_minibatch_66000
[INFO] [2025-11-01 20:12:24,534] precision : 0.000000 (300)
[INFO] [2025-11-01 20:12:24,534] recall : 0.000000 (300)
[INFO] [2025-11-01 20:12:24,534] fmeasure : 0.000000 (1)
[INFO] [2025-11-01 20:22:12,019] Resuming from workspace/SegDetectorModel-seg_detector/deformable_resnet50/L1BalanceCELoss/model/model_epoch_315_minibatch_66000
[INFO] [2025-11-01 20:22:12,110] Resumed from workspace/SegDetectorModel-seg_detector/deformable_resnet50/L1BalanceCELoss/model/model_epoch_315_minibatch_66000
[INFO] [2025-11-01 20:22:45,380] precision : 0.000000 (300)
[INFO] [2025-11-01 20:22:45,380] recall : 0.000000 (300)
[INFO] [2025-11-01 20:22:45,380] fmeasure : 0.000000 (1)
[INFO] [2025-11-01 20:26:28,536] Resuming from workspace/SegDetectorModel-seg_detector/deformable_resnet50/L1BalanceCELoss/model/model_epoch_315_minibatch_66000
[INFO] [2025-11-01 20:26:28,629] Resumed from workspace/SegDetectorModel-seg_detector/deformable_resnet50/L1BalanceCELoss/model/model_epoch_315_minibatch_66000
[INFO] [2025-11-01 20:27:01,436] Resuming from workspace/SegDetectorModel-seg_detector/deformable_resnet50/L1BalanceCELoss/model/model_epoch_315_minibatch_66000
[INFO] [2025-11-01 20:27:01,530] Resumed from workspace/SegDetectorModel-seg_detector/deformable_resnet50/L1BalanceCELoss/model/model_epoch_315_minibatch_66000
[INFO] [2025-11-01 20:27:34,884] precision : 0.000000 (300)
[INFO] [2025-11-01 20:27:34,885] recall : 0.000000 (300)
[INFO] [2025-11-01 20:27:34,885] fmeasure : 0.000000 (1)
[INFO] [2025-11-01 20:29:07,087] Resuming from workspace/SegDetectorModel-seg_detector/deformable_resnet50/L1BalanceCELoss/model/model_epoch_315_minibatch_66000
[INFO] [2025-11-01 20:29:07,180] Resumed from workspace/SegDetectorModel-seg_detector/deformable_resnet50/L1BalanceCELoss/model/model_epoch_315_minibatch_66000
[INFO] [2025-11-01 20:29:40,584] precision : 0.000000 (300)
[INFO] [2025-11-01 20:29:40,584] recall : 0.000000 (300)
[INFO] [2025-11-01 20:29:40,584] fmeasure : 0.000000 (1)
[INFO] [2025-11-01 20:41:01,493] Resuming from workspace/SegDetectorModel-seg_detector/deformable_resnet50/L1BalanceCELoss/model/model_epoch_315_minibatch_66000
[INFO] [2025-11-01 20:41:01,586] Resumed from workspace/SegDetectorModel-seg_detector/deformable_resnet50/L1BalanceCELoss/model/model_epoch_315_minibatch_66000
[INFO] [2025-11-03 11:49:48,464] Resuming from workspace/SegDetectorModel-seg_detector/deformable_resnet50/L1BalanceCELoss/model/model_epoch_315_minibatch_66000
[INFO] [2025-11-03 11:49:48,557] Resumed from workspace/SegDetectorModel-seg_detector/deformable_resnet50/L1BalanceCELoss/model/model_epoch_315_minibatch_66000
[INFO] [2025-11-03 13:57:07,614] Resuming from workspace/SegDetectorModel-seg_detector/deformable_resnet50/L1BalanceCELoss/model/model_epoch_315_minibatch_66000
[INFO] [2025-11-03 13:57:07,707] Resumed from workspace/SegDetectorModel-seg_detector/deformable_resnet50/L1BalanceCELoss/model/model_epoch_315_minibatch_66000
[INFO] [2025-11-03 13:57:51,415] Resuming from workspace/SegDetectorModel-seg_detector/deformable_resnet50/L1BalanceCELoss/model/model_epoch_315_minibatch_66000
[INFO] [2025-11-03 13:57:51,509] Resumed from workspace/SegDetectorModel-seg_detector/deformable_resnet50/L1BalanceCELoss/model/model_epoch_315_minibatch_66000
[INFO] [2025-11-03 13:58:56,589] Resuming from workspace/SegDetectorModel-seg_detector/deformable_resnet50/L1BalanceCELoss/model/model_epoch_315_minibatch_66000
[INFO] [2025-11-03 13:58:56,680] Resumed from workspace/SegDetectorModel-seg_detector/deformable_resnet50/L1BalanceCELoss/model/model_epoch_315_minibatch_66000
[INFO] [2025-11-03 13:59:29,873] precision : 0.000000 (300)
[INFO] [2025-11-03 13:59:29,874] recall : 0.000000 (300)
[INFO] [2025-11-03 13:59:29,874] fmeasure : 0.000000 (1)
[INFO] [2025-11-03 14:05:22,602] Resuming from workspace/SegDetectorModel-seg_detector/deformable_resnet50/L1BalanceCELoss/model/model_epoch_315_minibatch_66000
[INFO] [2025-11-03 14:05:22,696] Resumed from workspace/SegDetectorModel-seg_detector/deformable_resnet50/L1BalanceCELoss/model/model_epoch_315_minibatch_66000
[INFO] [2025-11-03 14:16:47,375] Resuming from workspace/SegDetectorModel-seg_detector/deformable_resnet50/L1BalanceCELoss/model/model_epoch_330_minibatch_69000
[INFO] [2025-11-03 14:16:47,466] Resumed from workspace/SegDetectorModel-seg_detector/deformable_resnet50/L1BalanceCELoss/model/model_epoch_330_minibatch_69000
[INFO] [2025-11-03 14:19:13,464] Resuming from workspace/SegDetectorModel-seg_detector/deformable_resnet50/L1BalanceCELoss/model/model_epoch_330_minibatch_69000
[INFO] [2025-11-03 14:19:13,559] Resumed from workspace/SegDetectorModel-seg_detector/deformable_resnet50/L1BalanceCELoss/model/model_epoch_330_minibatch_69000
[INFO] [2025-11-03 14:27:22,099] Resuming from workspace/SegDetectorModel-seg_detector/deformable_resnet50/L1BalanceCELoss/model/model_epoch_330_minibatch_69000
[INFO] [2025-11-03 14:27:22,192] Resumed from workspace/SegDetectorModel-seg_detector/deformable_resnet50/L1BalanceCELoss/model/model_epoch_330_minibatch_69000
[INFO] [2025-11-03 14:27:32,731] Resuming from workspace/SegDetectorModel-seg_detector/deformable_resnet50/L1BalanceCELoss/model/model_epoch_330_minibatch_69000
[INFO] [2025-11-03 14:27:32,822] Resumed from workspace/SegDetectorModel-seg_detector/deformable_resnet50/L1BalanceCELoss/model/model_epoch_330_minibatch_69000
[INFO] [2025-11-03 14:27:42,405] Resuming from workspace/SegDetectorModel-seg_detector/deformable_resnet50/L1BalanceCELoss/model/model_epoch_330_minibatch_69000
[INFO] [2025-11-03 14:27:42,495] Resumed from workspace/SegDetectorModel-seg_detector/deformable_resnet50/L1BalanceCELoss/model/model_epoch_330_minibatch_69000
[INFO] [2025-11-03 14:31:04,169] Resuming from workspace/SegDetectorModel-seg_detector/deformable_resnet50/L1BalanceCELoss/model/model_epoch_330_minibatch_69000
[INFO] [2025-11-03 14:31:04,262] Resumed from workspace/SegDetectorModel-seg_detector/deformable_resnet50/L1BalanceCELoss/model/model_epoch_330_minibatch_69000
[INFO] [2025-11-03 14:32:19,323] Resuming from workspace/SegDetectorModel-seg_detector/deformable_resnet50/L1BalanceCELoss/model/model_epoch_330_minibatch_69000
[INFO] [2025-11-03 14:32:19,418] Resumed from workspace/SegDetectorModel-seg_detector/deformable_resnet50/L1BalanceCELoss/model/model_epoch_330_minibatch_69000
[INFO] [2025-11-03 14:37:45,116] Resuming from workspace/SegDetectorModel-seg_detector/deformable_resnet50/L1BalanceCELoss/model/model_epoch_330_minibatch_69000
[INFO] [2025-11-03 14:37:45,211] Resumed from workspace/SegDetectorModel-seg_detector/deformable_resnet50/L1BalanceCELoss/model/model_epoch_330_minibatch_69000
[INFO] [2025-11-03 14:37:58,908] Resuming from workspace/SegDetectorModel-seg_detector/deformable_resnet50/L1BalanceCELoss/model/model_epoch_330_minibatch_69000
[INFO] [2025-11-03 14:37:59,001] Resumed from workspace/SegDetectorModel-seg_detector/deformable_resnet50/L1BalanceCELoss/model/model_epoch_330_minibatch_69000
[INFO] [2025-11-03 14:38:58,869] Resuming from workspace/SegDetectorModel-seg_detector/deformable_resnet50/L1BalanceCELoss/model/model_epoch_330_minibatch_69000
[INFO] [2025-11-03 14:38:58,962] Resumed from workspace/SegDetectorModel-seg_detector/deformable_resnet50/L1BalanceCELoss/model/model_epoch_330_minibatch_69000
[INFO] [2025-11-03 14:39:38,744] precision : 0.760860 (300)
[INFO] [2025-11-03 14:39:38,744] recall : 0.799367 (300)
[INFO] [2025-11-03 14:39:38,744] fmeasure : 0.779639 (1)
[INFO] [2025-11-03 14:40:13,167] Resuming from workspace/SegDetectorModel-seg_detector/deformable_resnet50/L1BalanceCELoss/model/model_epoch_330_minibatch_69000
[INFO] [2025-11-03 14:40:13,262] Resumed from workspace/SegDetectorModel-seg_detector/deformable_resnet50/L1BalanceCELoss/model/model_epoch_330_minibatch_69000
[INFO] [2025-11-03 14:40:52,465] precision : 0.852339 (300)
[INFO] [2025-11-03 14:40:52,465] recall : 0.790330 (300)
[INFO] [2025-11-03 14:40:52,465] fmeasure : 0.820164 (1)
[INFO] [2025-11-03 14:41:38,096] Resuming from workspace/SegDetectorModel-seg_detector/deformable_resnet50/L1BalanceCELoss/model/model_epoch_330_minibatch_69000
[INFO] [2025-11-03 14:41:38,190] Resumed from workspace/SegDetectorModel-seg_detector/deformable_resnet50/L1BalanceCELoss/model/model_epoch_330_minibatch_69000
[INFO] [2025-11-03 14:42:12,450] precision : 0.965937 (300)
[INFO] [2025-11-03 14:42:12,450] recall : 0.179394 (300)
[INFO] [2025-11-03 14:42:12,450] fmeasure : 0.302591 (1)
[INFO] [2025-11-04 18:17:06,171] Training epoch 0
[INFO] [2025-11-04 18:17:19,889] step:      0, epoch:   0, loss: 32.990551, lr: 0.001000
[INFO] [2025-11-04 18:17:19,891] bce_loss: 5.648947
[INFO] [2025-11-04 18:17:19,892] thresh_loss: 0.957245
[INFO] [2025-11-04 18:17:19,893] l1_loss: 0.378857
[INFO] [2025-11-04 18:18:59,456] Training epoch 0
[INFO] [2025-11-04 18:19:12,985] step:      0, epoch:   0, loss: 37.276047, lr: 0.001000
[INFO] [2025-11-04 18:19:12,987] bce_loss: 6.522643
[INFO] [2025-11-04 18:19:12,988] thresh_loss: 0.937535
[INFO] [2025-11-04 18:19:12,990] l1_loss: 0.372530
[INFO] [2025-11-04 18:23:04,505] Training epoch 1
[INFO] [2025-11-04 18:26:57,457] Training epoch 2
[INFO] [2025-11-04 18:27:35,070] step:    450, epoch:   2, loss: 3.624145, lr: 0.000999
[INFO] [2025-11-04 18:27:35,071] bce_loss: 0.459130
[INFO] [2025-11-04 18:27:35,078] thresh_loss: 0.446948
[INFO] [2025-11-04 18:27:35,078] l1_loss: 0.088155
[INFO] [2025-11-04 18:29:06,301] Training epoch 0
[INFO] [2025-11-04 18:29:20,186] step:      0, epoch:   0, loss: 38.290501, lr: 0.001000
[INFO] [2025-11-04 18:29:20,194] bce_loss: 6.751810
[INFO] [2025-11-04 18:29:20,194] thresh_loss: 0.932038
[INFO] [2025-11-04 18:29:20,196] l1_loss: 0.359942
[INFO] [2025-11-04 18:33:13,042] Training epoch 1
[INFO] [2025-11-04 18:37:06,767] Training epoch 2
[INFO] [2025-11-04 18:37:45,187] step:    450, epoch:   2, loss: 3.724159, lr: 0.000999
[INFO] [2025-11-04 18:37:45,195] bce_loss: 0.464197
[INFO] [2025-11-04 18:37:45,195] thresh_loss: 0.433322
[INFO] [2025-11-04 18:37:45,197] l1_loss: 0.096985
[INFO] [2025-11-04 18:41:02,061] Training epoch 3
[INFO] [2025-11-04 18:44:55,693] Training epoch 4
[INFO] [2025-11-04 18:46:06,863] step:    900, epoch:   4, loss: 2.717093, lr: 0.000997
[INFO] [2025-11-04 18:46:06,873] bce_loss: 0.332796
[INFO] [2025-11-04 18:46:06,873] thresh_loss: 0.293635
[INFO] [2025-11-04 18:46:06,875] l1_loss: 0.075948
[INFO] [2025-11-04 18:47:21,775] Training epoch 0
[INFO] [2025-11-04 18:47:35,804] step:      0, epoch:   0, loss: 32.805416, lr: 0.001000
[INFO] [2025-11-04 18:54:31,868] Training epoch 0
[INFO] [2025-11-04 18:54:45,513] step:      0, epoch:   0, loss: 42.858318, lr: 0.001000
[INFO] [2025-11-04 18:56:08,452] Training epoch 0
[INFO] [2025-11-04 18:56:21,980] step:      0, epoch:   0, loss: 25.417414, lr: 0.001000
[INFO] [2025-11-04 19:04:41,885] Training epoch 0
[INFO] [2025-11-04 19:04:55,637] step:      0, epoch:   0, loss: 35.874470, lr: 0.001000
[INFO] [2025-11-04 19:16:48,695] Training epoch 0
[INFO] [2025-11-04 19:17:02,256] step:      0, epoch:   0, loss: 28.438944, lr: 0.001000
[INFO] [2025-11-04 19:19:08,504] Training epoch 0
[INFO] [2025-11-04 19:19:21,943] step:      0, epoch:   0, loss: 57.522720, lr: 0.001000
[INFO] [2025-11-04 19:50:56,418] Training epoch 0
[INFO] [2025-11-04 19:51:10,038] step:      0, epoch:   0, loss: 41.627304, lr: 0.001000
[INFO] [2025-11-04 19:51:10,043] bce_loss: 7.396421
[INFO] [2025-11-04 19:51:10,044] thresh_loss: 0.973054
[INFO] [2025-11-04 19:51:10,045] l1_loss: 0.367214
[INFO] [2025-11-04 19:55:01,533] Training epoch 1
[INFO] [2025-11-04 19:58:53,631] Training epoch 2
[INFO] [2025-11-04 19:59:30,313] step:    450, epoch:   2, loss: 3.264872, lr: 0.000999
[INFO] [2025-11-04 19:59:30,322] bce_loss: 0.413303
[INFO] [2025-11-04 19:59:30,322] thresh_loss: 0.372231
[INFO] [2025-11-04 19:59:30,324] l1_loss: 0.082613
[INFO] [2025-11-04 20:02:36,774] Training epoch 0
[INFO] [2025-11-04 20:02:50,630] step:      0, epoch:   0, loss: 44.187897, lr: 0.001000
[INFO] [2025-11-04 20:02:50,634] bce_loss: 7.878370
[INFO] [2025-11-04 20:02:50,634] thresh_loss: 0.955814
[INFO] [2025-11-04 20:02:50,635] l1_loss: 0.384023
[INFO] [2025-11-04 20:06:45,002] Training epoch 1
[INFO] [2025-11-04 20:10:37,017] Training epoch 2
[INFO] [2025-11-04 20:11:14,003] step:    450, epoch:   2, loss: 3.523246, lr: 0.000999
[INFO] [2025-11-04 20:11:14,011] bce_loss: 0.443058
[INFO] [2025-11-04 20:11:14,012] thresh_loss: 0.412190
[INFO] [2025-11-04 20:11:14,014] l1_loss: 0.089576
[INFO] [2025-11-04 20:14:31,356] Training epoch 3
[INFO] [2025-11-04 20:18:24,705] Training epoch 4
[INFO] [2025-11-04 20:19:38,457] step:    900, epoch:   4, loss: 2.672239, lr: 0.000997
[INFO] [2025-11-04 20:19:38,466] bce_loss: 0.329374
[INFO] [2025-11-04 20:19:38,467] thresh_loss: 0.270705
[INFO] [2025-11-04 20:19:38,468] l1_loss: 0.075466
[INFO] [2025-11-04 20:20:47,721] Training epoch 0
[INFO] [2025-11-04 20:25:31,336] Training epoch 1
